#
# There is insufficient memory for the Java Runtime Environment to continue.
# Native memory allocation (mmap) failed to map 100663296 bytes for Failed to commit area from 0x00000000a1c00000 to 0x00000000a7c00000 of length 100663296.
# Possible reasons:
#   The system is out of physical RAM or swap space
#   The process is running with CompressedOops enabled, and the Java Heap may be blocking the growth of the native heap
# Possible solutions:
#   Reduce memory load on the system
#   Increase physical memory or swap space
#   Check if swap backing store is full
#   Decrease Java heap size (-Xmx/-Xms)
#   Decrease number of Java threads
#   Decrease Java thread stack sizes (-Xss)
#   Set larger code cache with -XX:ReservedCodeCacheSize=
# This output file may be truncated or incomplete.
#
#  Out of Memory Error (t:/workspace/open/src/hotspot/os/windows/os_windows.cpp:3221), pid=22184, tid=20164
#
# JRE version:  (10.0.2+13) (build )
# Java VM: Java HotSpot(TM) 64-Bit Server VM (10.0.2+13, mixed mode, aot, tiered, compressed oops, g1 gc, windows-amd64)
# No core dump will be written. Minidumps are not enabled by default on client versions of Windows
#

---------------  S U M M A R Y ------------

Command Line: -Dfile.encoding=UTF-8 co.grandcircus.RideHard.RideHardApplication

Host: Intel(R) Core(TM) i3-3120M CPU @ 2.50GHz, 4 cores, 5G,  Windows 10 , 64 bit Build 17134 (10.0.17134.1)
Time: Fri Nov 30 14:48:33 2018 Eastern Standard Time elapsed time: 0 seconds (0d 0h 0m 0s)

---------------  T H R E A D  ---------------

Current thread (0x0000012654b41000):  JavaThread "Unknown thread" [_thread_in_vm, id=20164, stack(0x00000003fa200000,0x00000003fa300000)]

Stack: [0x00000003fa200000,0x00000003fa300000]
Native frames: (J=compiled Java code, j=interpreted, Vv=VM code, C=native code)
V  [jvm.dll+0x5a01a9]
V  [jvm.dll+0x6bcf31]
V  [jvm.dll+0x6be126]
V  [jvm.dll+0x6be7b3]
V  [jvm.dll+0x234978]
V  [jvm.dll+0x59dac4]
V  [jvm.dll+0x592825]
V  [jvm.dll+0x2f632b]
V  [jvm.dll+0x2f6295]
V  [jvm.dll+0x2f6172]
V  [jvm.dll+0x2f8366]
V  [jvm.dll+0x344293]
V  [jvm.dll+0x3449a6]
V  [jvm.dll+0x344393]
V  [jvm.dll+0x2c4628]
V  [jvm.dll+0x2c5771]
V  [jvm.dll+0x69d1db]
V  [jvm.dll+0x69e9fc]
V  [jvm.dll+0x3519e9]
V  [jvm.dll+0x6856a2]
V  [jvm.dll+0x3ba0c3]
V  [jvm.dll+0x3bc261]
C  [javaw.exe+0x3541]
C  [javaw.exe+0xe1cf]
C  [javaw.exe+0xe376]
C  [KERNEL32.DLL+0x13034]
C  [ntdll.dll+0x71471]


---------------  P R O C E S S  ---------------

Threads class SMR info:
_java_thread_list=0x0000012652aa0850, length=0, elements={
}

Java Threads: ( => current thread )

Other Threads:
  0x0000012654b5b000 GCTaskThread "GC Thread#0" [stack: 0x00000003fa300000,0x00000003fa400000] [id=29776]
  0x0000012654b5c800 GCTaskThread "GC Thread#1" [stack: 0x00000003fa400000,0x00000003fa500000] [id=15612]
  0x0000012654b63000 GCTaskThread "GC Thread#2" [stack: 0x00000003fa500000,0x00000003fa600000] [id=28772]
  0x0000012654b65000 GCTaskThread "GC Thread#3" [stack: 0x00000003fa600000,0x00000003fa700000] [id=11856]
  0x0000012654bb7800 ConcurrentGCThread "G1 Main Marker" [stack: 0x00000003fa700000,0x00000003fa800000] [id=24316]
  0x0000012654bbc800 ConcurrentGCThread "G1 Conc#0" [stack: 0x00000003fa800000,0x00000003fa900000] [id=27000]

[error occurred during error reporting (printing all threads), id 0xe0000002]

VM state:not at safepoint (not fully initialized)

VM Mutex/Monitor currently owned by a thread:  ([mutex/lock_event])
[0x0000012654b3fac0] Heap_lock - owner thread: 0x0000012654b41000

Heap address: 0x00000000a1c00000, size: 1508 MB, Compressed Oops mode: Non-zero based: 0x00000000a1c00000
Narrow klass base: 0x0000000000000000, Narrow klass shift: 0

GC Heap History (0 events):
No events

Deoptimization events (0 events):
No events

Classes redefined (0 events):
No events

Internal exceptions (0 events):
No events

Events (0 events):
No events


Dynamic libraries:
0x00007ff7ab980000 - 0x00007ff7ab9be000 	C:\Program Files\Java\jre-10.0.2\bin\javaw.exe
0x00007ffe44550000 - 0x00007ffe44731000 	C:\WINDOWS\SYSTEM32\ntdll.dll
0x00007ffe1ee20000 - 0x00007ffe1ee34000 	C:\Program Files\AVAST Software\Avast\x64\aswhooka.dll
0x00007ffe44460000 - 0x00007ffe44512000 	C:\WINDOWS\System32\KERNEL32.DLL
0x00007ffe412c0000 - 0x00007ffe41533000 	C:\WINDOWS\System32\KERNELBASE.dll
0x00007ffe435d0000 - 0x00007ffe43671000 	C:\WINDOWS\System32\ADVAPI32.dll
0x00007ffe43f70000 - 0x00007ffe4400e000 	C:\WINDOWS\System32\msvcrt.dll
0x00007ffe41c00000 - 0x00007ffe41c5b000 	C:\WINDOWS\System32\sechost.dll
0x00007ffe43cb0000 - 0x00007ffe43dd4000 	C:\WINDOWS\System32\RPCRT4.dll
0x00007ffe43de0000 - 0x00007ffe43f70000 	C:\WINDOWS\System32\USER32.dll
0x00007ffe412a0000 - 0x00007ffe412c0000 	C:\WINDOWS\System32\win32u.dll
0x00007ffe440f0000 - 0x00007ffe44118000 	C:\WINDOWS\System32\GDI32.dll
0x00007ffe409a0000 - 0x00007ffe40b32000 	C:\WINDOWS\System32\gdi32full.dll
0x00007ffe415f0000 - 0x00007ffe4168f000 	C:\WINDOWS\System32\msvcp_win.dll
0x00007ffe416f0000 - 0x00007ffe417ea000 	C:\WINDOWS\System32\ucrtbase.dll
0x00007ffe29260000 - 0x00007ffe294c9000 	C:\WINDOWS\WinSxS\amd64_microsoft.windows.common-controls_6595b64144ccf1df_6.0.17134.407_none_fb449d63306391e9\COMCTL32.dll
0x00007ffe43680000 - 0x00007ffe439a2000 	C:\WINDOWS\System32\combase.dll
0x00007ffe40920000 - 0x00007ffe4099a000 	C:\WINDOWS\System32\bcryptPrimitives.dll
0x00007ffe32540000 - 0x00007ffe3254a000 	C:\WINDOWS\SYSTEM32\VERSION.dll
0x00007ffe419e0000 - 0x00007ffe41a0d000 	C:\WINDOWS\System32\IMM32.DLL
0x00007ffe17c00000 - 0x00007ffe17cef000 	C:\Program Files\Java\jre-10.0.2\bin\msvcr120.dll
0x00007ffe19550000 - 0x00007ffe195f6000 	C:\Program Files\Java\jre-10.0.2\bin\msvcp120.dll
0x000000005c6a0000 - 0x000000005d110000 	C:\Program Files\Java\jre-10.0.2\bin\server\jvm.dll
0x00007ffe43a10000 - 0x00007ffe43a18000 	C:\WINDOWS\System32\PSAPI.DLL
0x00007ffe31a60000 - 0x00007ffe31a69000 	C:\WINDOWS\SYSTEM32\WSOCK32.dll
0x00007ffe41b90000 - 0x00007ffe41bfc000 	C:\WINDOWS\System32\WS2_32.dll
0x00007ffe3eb10000 - 0x00007ffe3eb33000 	C:\WINDOWS\SYSTEM32\WINMM.dll
0x00007ffe3eae0000 - 0x00007ffe3eb0a000 	C:\WINDOWS\SYSTEM32\WINMMBASE.dll
0x00007ffe41250000 - 0x00007ffe41299000 	C:\WINDOWS\System32\cfgmgr32.dll
0x00007ffe3d340000 - 0x00007ffe3d34f000 	C:\Program Files\Java\jre-10.0.2\bin\verify.dll
0x00007ffe3a950000 - 0x00007ffe3ab19000 	C:\WINDOWS\SYSTEM32\DBGHELP.DLL
0x00007ffe3a460000 - 0x00007ffe3a489000 	C:\WINDOWS\SYSTEM32\dbgcore.DLL
0x00007ffe36300000 - 0x00007ffe36327000 	C:\Program Files\Java\jre-10.0.2\bin\java.dll
0x00007ffe3abc0000 - 0x00007ffe3abd6000 	C:\Program Files\Java\jre-10.0.2\bin\zip.dll
0x00007ffe3c760000 - 0x00007ffe3c76a000 	C:\Program Files\Java\jre-10.0.2\bin\jimage.dll

dbghelp: loaded successfully - version: 4.0.5 - missing functions: none
symbol engine: initialized successfully - sym options: 0x614 - pdb path: .;C:\Program Files\Java\jre-10.0.2\bin;C:\WINDOWS\SYSTEM32;C:\Program Files\AVAST Software\Avast\x64;C:\WINDOWS\WinSxS\amd64_microsoft.windows.common-controls_6595b64144ccf1df_6.0.17134.407_none_fb449d63306391e9;C:\Program Files\Java\jre-10.0.2\bin\server

VM Arguments:
jvm_args: -Dfile.encoding=UTF-8 
java_command: co.grandcircus.RideHard.RideHardApplication
java_class_path (initial): C:\Users\bhallman\eclipse-workspace\GrandCircusFinalProject\target\classes;C:\Users\bhallman\.m2\repository\org\springframework\boot\spring-boot-starter-data-jpa\2.1.0.RELEASE\spring-boot-starter-data-jpa-2.1.0.RELEASE.jar;C:\Users\bhallman\.m2\repository\org\springframework\boot\spring-boot-starter-aop\2.1.0.RELEASE\spring-boot-starter-aop-2.1.0.RELEASE.jar;C:\Users\bhallman\.m2\repository\org\springframework\spring-aop\5.1.2.RELEASE\spring-aop-5.1.2.RELEASE.jar;C:\Users\bhallman\.m2\repository\org\aspectj\aspectjweaver\1.9.2\aspectjweaver-1.9.2.jar;C:\Users\bhallman\.m2\repository\org\springframework\boot\spring-boot-starter-jdbc\2.1.0.RELEASE\spring-boot-starter-jdbc-2.1.0.RELEASE.jar;C:\Users\bhallman\.m2\repository\com\zaxxer\HikariCP\3.2.0\HikariCP-3.2.0.jar;C:\Users\bhallman\.m2\repository\org\springframework\spring-jdbc\5.1.2.RELEASE\spring-jdbc-5.1.2.RELEASE.jar;C:\Users\bhallman\.m2\repository\javax\transaction\javax.transaction-api\1.3\javax.transaction-api-1.3.jar;C:\Users\bhallman\.m2\repository\javax\xml\bind\jaxb-api\2.3.1\jaxb-api-2.3.1.jar;C:\Users\bhallman\.m2\repository\javax\activation\javax.activation-api\1.2.0\javax.activation-api-1.2.0.jar;C:\Users\bhallman\.m2\repository\org\hibernate\hibernate-core\5.3.7.Final\hibernate-core-5.3.7.Final.jar;C:\Users\bhallman\.m2\repository\org\jboss\logging\jboss-logging\3.3.2.Final\jboss-logging-3.3.2.Final.jar;C:\Users\bhallman\.m2\repository\javax\persistence\javax.persistence-api\2.2\javax.persistence-api-2.2.jar;C:\Users\bhallman\.m2\repository\org\javassist\javassist\3.23.1-GA\javassist-3.23.1-GA.jar;C:\Users\bhallman\.m2\repository\net\bytebuddy\byte-buddy\1.9.3\byte-buddy-1.9.3.jar;C:\Users\bhallman\.m2\repository\antlr\antlr\2.7.7\antlr-2.7.7.jar;C:\Users\bhallman\.m2\repository\org\jboss\jandex\2.0.5.Final\jandex-2.0.5.Final.jar;C:\Users\bhallman\.m2\repository\com\fasterxml\classmate\1.4.0\classmate-1.4.0.jar;C:\Users\bhallman\.m2\repository\org\dom4j\dom4j\2.1.1\dom4j
Launcher Type: SUN_STANDARD

Logging:
Log output configuration:
#0: stdout all=warning uptime,level,tags
#1: stderr all=off uptime,level,tags

Environment Variables:
PATH=C:\Program Files (x86)\Common Files\Oracle\Java\javapath;C:\Program Files (x86)\Intel\iCLS Client\;C:\Program Files\Intel\iCLS Client\;C:\WINDOWS\system32;C:\WINDOWS;C:\WINDOWS\System32\Wbem;C:\WINDOWS\System32\WindowsPowerShell\v1.0\;C:\Program Files (x86)\Windows Live\Shared;C:\Program Files\Intel\Intel(R) Management Engine Components\DAL;C:\Program Files\Intel\Intel(R) Management Engine Components\IPT;C:\Program Files (x86)\Intel\Intel(R) Management Engine Components\DAL;C:\Program Files (x86)\Intel\Intel(R) Management Engine Components\IPT;C:\Program Files (x86)\Intel\OpenCL SDK\2.0\bin\x86;C:\Program Files (x86)\Intel\OpenCL SDK\2.0\bin\x64;C:\Program Files (x86)\Microsoft SQL Server\110\Tools\Binn\;C:\Program Files\Microsoft SQL Server\110\Tools\Binn\;C:\Program Files\Microsoft SQL Server\110\DTS\Binn\;C:\Program Files (x86)\Microsoft SQL Server\110\Tools\Binn\ManagementStudio\;C:\Program Files (x86)\Microsoft SQL Server\110\DTS\Binn\;C:\Program Files\dotnet\;C:\Program Files\nodejs\;C:\WINDOWS\System32\OpenSSH\;C:\Program Files\Microsoft VS Code\bin;C:\Program Files\Git\cmd;C:\Users\bhallman\AppData\Local\Microsoft\WindowsApps;;C:\Program Files\Microsoft VS Code\bin;C:\Users\bhallman\AppData\Roaming\npm
USERNAME=bhallman
OS=Windows_NT
PROCESSOR_IDENTIFIER=Intel64 Family 6 Model 58 Stepping 9, GenuineIntel



---------------  S Y S T E M  ---------------

OS: Windows 10 , 64 bit Build 17134 (10.0.17134.1)

CPU:total 4 (initial active 4) (2 cores per cpu, 2 threads per core) family 6 model 58 stepping 9, cmov, cx8, fxsr, mmx, sse, sse2, sse3, ssse3, sse4.1, sse4.2, popcnt, avx, clmul, erms, ht, tsc, tscinvbit, tscinv

Memory: 4k page, physical 6172896k(2367536k free), swap 25047264k(96208k free)

vm_info: Java HotSpot(TM) 64-Bit Server VM (10.0.2+13) for windows-amd64 JRE (10.0.2+13), built on Jun 28 2018 01:57:56 by "mach5one" with MS VC++ 12.0 (VS2013)

END.
