#
# There is insufficient memory for the Java Runtime Environment to continue.
# Native memory allocation (mmap) failed to map 20971520 bytes for Failed to commit area from 0x00000000a7c00000 to 0x00000000a9000000 of length 20971520.
# Possible reasons:
#   The system is out of physical RAM or swap space
#   The process is running with CompressedOops enabled, and the Java Heap may be blocking the growth of the native heap
# Possible solutions:
#   Reduce memory load on the system
#   Increase physical memory or swap space
#   Check if swap backing store is full
#   Decrease Java heap size (-Xmx/-Xms)
#   Decrease number of Java threads
#   Decrease Java thread stack sizes (-Xss)
#   Set larger code cache with -XX:ReservedCodeCacheSize=
#   JVM is running with Unscaled Compressed Oops mode in which the Java heap is
#     placed in the first 4GB address space. The Java Heap base address is the
#     maximum limit for the native heap growth. Please use -XX:HeapBaseMinAddress
#     to set the Java Heap base and to place the Java Heap above 4GB virtual address.
# This output file may be truncated or incomplete.
#
#  Out of Memory Error (t:/workspace/open/src/hotspot/os/windows/os_windows.cpp:3221), pid=4784, tid=26484
#
# JRE version: Java(TM) SE Runtime Environment (10.0.2+13) (build 10.0.2+13)
# Java VM: Java HotSpot(TM) 64-Bit Server VM (10.0.2+13, mixed mode, tiered, compressed oops, g1 gc, windows-amd64)
# No core dump will be written. Minidumps are not enabled by default on client versions of Windows
#

---------------  S U M M A R Y ------------

Command Line: -Dfile.encoding=UTF-8 co.grandcircus.RideHard.RideHardApplication

Host: Intel(R) Core(TM) i3-3120M CPU @ 2.50GHz, 4 cores, 5G,  Windows 10 , 64 bit Build 17134 (10.0.17134.1)
Time: Fri Nov 30 15:25:44 2018 Eastern Standard Time elapsed time: 5 seconds (0d 0h 0m 5s)

---------------  T H R E A D  ---------------

Current thread (0x00000231f5d6f000):  VMThread "VM Thread" [stack: 0x000000dcecb00000,0x000000dcecc00000] [id=26484]

Stack: [0x000000dcecb00000,0x000000dcecc00000]
[error occurred during error reporting (printing stack bounds), id 0xe0000002]

Native frames: (J=compiled Java code, j=interpreted, Vv=VM code, C=native code)
V  [jvm.dll+0x5a01a9]
V  [jvm.dll+0x6bcf31]
V  [jvm.dll+0x6be126]
V  [jvm.dll+0x6be715]
V  [jvm.dll+0x6be6cb]
V  [jvm.dll+0x59f993]
V  [jvm.dll+0x59fda8]
C  [ntdll.dll+0x9ed3d]
C  [ntdll.dll+0x6c86]
C  [ntdll.dll+0x9dc6e]
C  0x00000231e10b0ead

VM_Operation (0x000000dced8fb8c0): CollectForMetadataAllocation, mode: safepoint, requested by thread 0x00000231f79c8800


---------------  P R O C E S S  ---------------

Threads class SMR info:
_java_thread_list=0x00000231f80ed370, length=13, elements={
0x00000231d9911000, 0x00000231f5d74000, 0x00000231f5daa800, 0x00000231f5db1000,
0x00000231f5db6000, 0x00000231f5dbb800, 0x00000231f5dc4800, 0x00000231f5dd1000,
0x00000231f6724800, 0x00000231f68b3000, 0x00000231f68bb000, 0x00000231f73b8800,
0x00000231f79c8800
}

Java Threads: ( => current thread )
  0x00000231d9911000 JavaThread "main" [_thread_blocked, id=16212, stack(0x000000dcebf00000,0x000000dcec000000)]
  0x00000231f5d74000 JavaThread "Reference Handler" daemon [_thread_blocked, id=31348, stack(0x000000dcecc00000,0x000000dcecd00000)]
  0x00000231f5daa800 JavaThread "Finalizer" daemon [_thread_blocked, id=16812, stack(0x000000dcecd00000,0x000000dcece00000)]
  0x00000231f5db1000 JavaThread "Signal Dispatcher" daemon [_thread_blocked, id=22252, stack(0x000000dcece00000,0x000000dcecf00000)]
  0x00000231f5db6000 JavaThread "Attach Listener" daemon [_thread_blocked, id=20876, stack(0x000000dcecf00000,0x000000dced000000)]
  0x00000231f5dbb800 JavaThread "C2 CompilerThread0" daemon [_thread_blocked, id=24380, stack(0x000000dced000000,0x000000dced100000)]
  0x00000231f5dc4800 JavaThread "C2 CompilerThread1" daemon [_thread_in_native, id=7996, stack(0x000000dced100000,0x000000dced200000)]
  0x00000231f5dd1000 JavaThread "C1 CompilerThread2" daemon [_thread_blocked, id=25612, stack(0x000000dced200000,0x000000dced300000)]
  0x00000231f6724800 JavaThread "Sweeper thread" daemon [_thread_blocked, id=288, stack(0x000000dced300000,0x000000dced400000)]
  0x00000231f68b3000 JavaThread "Service Thread" daemon [_thread_blocked, id=27916, stack(0x000000dced400000,0x000000dced500000)]
  0x00000231f68bb000 JavaThread "Common-Cleaner" daemon [_thread_blocked, id=16352, stack(0x000000dced500000,0x000000dced600000)]
  0x00000231f73b8800 JavaThread "Thread-0" [_thread_blocked, id=24780, stack(0x000000dced700000,0x000000dced800000)]
  0x00000231f79c8800 JavaThread "restartedMain" [_thread_blocked, id=31060, stack(0x000000dced800000,0x000000dced900000)]

Other Threads:
=>0x00000231f5d6f000 VMThread "VM Thread" [stack: 0x000000dcecb00000,0x000000dcecc00000] [id=26484]
  0x00000231f68bc000 WatcherThread [stack: 0x000000dced600000,0x000000dced700000] [id=10052]
  0x00000231d992b000 GCTaskThread "GC Thread#0" [stack: 0x000000dcec000000,0x000000dcec100000] [id=24924]
  0x00000231d992c800 GCTaskThread "GC Thread#1" [stack: 0x000000dcec100000,0x000000dcec200000] [id=23108]
  0x00000231d992e000 GCTaskThread "GC Thread#2" [stack: 0x000000dcec200000,0x000000dcec300000] [id=6588]
  0x00000231d9930800 GCTaskThread "GC Thread#3" [stack: 0x000000dcec300000,0x000000dcec400000] [id=31432]
  0x00000231d9981000 ConcurrentGCThread "G1 Main Marker" [stack: 0x000000dcec400000,0x000000dcec500000] [id=25532]
  0x00000231d9984800 ConcurrentGCThread "G1 Conc#0" [stack: 0x000000dcec500000,0x000000dcec600000] [id=23348]
  0x00000231d99de800 ConcurrentGCThread "G1 Refine#0" [stack: 0x000000dcec600000,0x000000dcec700000] [id=26504]
  0x00000231f5c25800 ConcurrentGCThread "G1 Refine#1" [stack: 0x000000dcec700000,0x000000dcec800000] [id=14228]
  0x00000231f5c27800 ConcurrentGCThread "G1 Refine#2" [stack: 0x000000dcec800000,0x000000dcec900000] [id=3892]
  0x00000231f5c29800 ConcurrentGCThread "G1 Refine#3" [stack: 0x000000dcec900000,0x000000dceca00000] [id=12508]
  0x00000231f5c2d000 ConcurrentGCThread "G1 Young RemSet Sampling" [stack: 0x000000dceca00000,0x000000dcecb00000] [id=12304]

Threads with active compile tasks:
C2 CompilerThread03045       4       org.springframework.beans.factory.support.AbstractBeanFactory::getMergedBeanDefinition (44 bytes)
C2 CompilerThread12758       4       jdk.internal.loader.ClassLoaders$AppClassLoader::loadClass (40 bytes)

VM state:at safepoint (normal execution)

VM Mutex/Monitor currently owned by a thread:  ([mutex/lock_event])
[0x00000231d9910960] Threads_lock - owner thread: 0x00000231f5d6f000
[0x00000231d990f010] Heap_lock - owner thread: 0x00000231f79c8800

Heap address: 0x00000000a1c00000, size: 1508 MB, Compressed Oops mode: 32-bit
Narrow klass base: 0x0000000000000000, Narrow klass shift: 3
Compressed class space size: 1073741824 Address: 0x0000000100000000

Heap:
 garbage-first heap   total 118784K, used 13915K [0x00000000a1c00000, 0x0000000100000000)
  region size 1024K, 5 young (5120K), 5 survivors (5120K)
 Metaspace       used 31307K, capacity 32051K, committed 32256K, reserved 1083392K
  class space    used 3691K, capacity 3975K, committed 4096K, reserved 1048576K
Heap Regions: E=young(eden), S=young(survivor), O=old, HS=humongous(starts), HC=humongous(continues), CS=collection set, F=free, A=archive, TS=gc time stamp, AC=allocation context, TAMS=top-at-mark-start (previous, next)
|   0|0x00000000a1c00000, 0x00000000a1d00000, 0x00000000a1d00000|100%|HS|  |TS  0|AC  0|TAMS 0x00000000a1d00000, 0x00000000a1d00000|
|   1|0x00000000a1d00000, 0x00000000a1e00000, 0x00000000a1e00000|100%| O|  |TS  0|AC  0|TAMS 0x00000000a1e00000, 0x00000000a1e00000|
|   2|0x00000000a1e00000, 0x00000000a1f00000, 0x00000000a1f00000|100%| O|  |TS  0|AC  0|TAMS 0x00000000a1f00000, 0x00000000a1f00000|
|   3|0x00000000a1f00000, 0x00000000a2000000, 0x00000000a2000000|100%| O|  |TS  0|AC  0|TAMS 0x00000000a2000000, 0x00000000a2000000|
|   4|0x00000000a2000000, 0x00000000a2100000, 0x00000000a2100000|100%| O|  |TS  0|AC  0|TAMS 0x00000000a2100000, 0x00000000a2100000|
|   5|0x00000000a2100000, 0x00000000a2200000, 0x00000000a2200000|100%| O|  |TS  2|AC  0|TAMS 0x00000000a21f8200, 0x00000000a2200000|
|   6|0x00000000a2200000, 0x00000000a2300000, 0x00000000a2300000|100%| O|  |TS  2|AC  0|TAMS 0x00000000a2200000, 0x00000000a2300000|
|   7|0x00000000a2300000, 0x00000000a2400000, 0x00000000a2400000|100%| O|  |TS  3|AC  0|TAMS 0x00000000a2300000, 0x00000000a2400000|
|   8|0x00000000a2400000, 0x00000000a2496c00, 0x00000000a2500000| 58%| O|  |TS  3|AC  0|TAMS 0x00000000a2400000, 0x00000000a2496c00|
|   9|0x00000000a2500000, 0x00000000a2500000, 0x00000000a2600000|  0%| F|  |TS  0|AC  0|TAMS 0x00000000a2500000, 0x00000000a2500000|
|  10|0x00000000a2600000, 0x00000000a2600000, 0x00000000a2700000|  0%| F|  |TS  0|AC  0|TAMS 0x00000000a2600000, 0x00000000a2600000|
|  11|0x00000000a2700000, 0x00000000a2700000, 0x00000000a2800000|  0%| F|  |TS  0|AC  0|TAMS 0x00000000a2700000, 0x00000000a2700000|
|  12|0x00000000a2800000, 0x00000000a2800000, 0x00000000a2900000|  0%| F|  |TS  0|AC  0|TAMS 0x00000000a2800000, 0x00000000a2800000|
|  13|0x00000000a2900000, 0x00000000a2900000, 0x00000000a2a00000|  0%| F|  |TS  0|AC  0|TAMS 0x00000000a2900000, 0x00000000a2900000|
|  14|0x00000000a2a00000, 0x00000000a2a00000, 0x00000000a2b00000|  0%| F|  |TS  0|AC  0|TAMS 0x00000000a2a00000, 0x00000000a2a00000|
|  15|0x00000000a2b00000, 0x00000000a2b00000, 0x00000000a2c00000|  0%| F|  |TS  0|AC  0|TAMS 0x00000000a2b00000, 0x00000000a2b00000|
|  16|0x00000000a2c00000, 0x00000000a2c00000, 0x00000000a2d00000|  0%| F|  |TS  0|AC  0|TAMS 0x00000000a2c00000, 0x00000000a2c00000|
|  17|0x00000000a2d00000, 0x00000000a2d00000, 0x00000000a2e00000|  0%| F|  |TS  0|AC  0|TAMS 0x00000000a2d00000, 0x00000000a2d00000|
|  18|0x00000000a2e00000, 0x00000000a2e00000, 0x00000000a2f00000|  0%| F|  |TS  0|AC  0|TAMS 0x00000000a2e00000, 0x00000000a2e00000|
|  19|0x00000000a2f00000, 0x00000000a2f00000, 0x00000000a3000000|  0%| F|  |TS  0|AC  0|TAMS 0x00000000a2f00000, 0x00000000a2f00000|
|  20|0x00000000a3000000, 0x00000000a3000000, 0x00000000a3100000|  0%| F|  |TS  0|AC  0|TAMS 0x00000000a3000000, 0x00000000a3000000|
|  21|0x00000000a3100000, 0x00000000a3100000, 0x00000000a3200000|  0%| F|  |TS  0|AC  0|TAMS 0x00000000a3100000, 0x00000000a3100000|
|  22|0x00000000a3200000, 0x00000000a3200000, 0x00000000a3300000|  0%| F|  |TS  0|AC  0|TAMS 0x00000000a3200000, 0x00000000a3200000|
|  23|0x00000000a3300000, 0x00000000a3300000, 0x00000000a3400000|  0%| F|  |TS  0|AC  0|TAMS 0x00000000a3300000, 0x00000000a3300000|
|  24|0x00000000a3400000, 0x00000000a3400000, 0x00000000a3500000|  0%| F|  |TS  0|AC  0|TAMS 0x00000000a3400000, 0x00000000a3400000|
|  25|0x00000000a3500000, 0x00000000a3500000, 0x00000000a3600000|  0%| F|  |TS  0|AC  0|TAMS 0x00000000a3500000, 0x00000000a3500000|
|  26|0x00000000a3600000, 0x00000000a3600000, 0x00000000a3700000|  0%| F|  |TS  0|AC  0|TAMS 0x00000000a3600000, 0x00000000a3600000|
|  27|0x00000000a3700000, 0x00000000a3700000, 0x00000000a3800000|  0%| F|  |TS  0|AC  0|TAMS 0x00000000a3700000, 0x00000000a3700000|
|  28|0x00000000a3800000, 0x00000000a3800000, 0x00000000a3900000|  0%| F|  |TS  0|AC  0|TAMS 0x00000000a3800000, 0x00000000a3800000|
|  29|0x00000000a3900000, 0x00000000a3900000, 0x00000000a3a00000|  0%| F|  |TS  0|AC  0|TAMS 0x00000000a3900000, 0x00000000a3900000|
|  30|0x00000000a3a00000, 0x00000000a3a00000, 0x00000000a3b00000|  0%| F|  |TS  0|AC  0|TAMS 0x00000000a3a00000, 0x00000000a3a00000|
|  31|0x00000000a3b00000, 0x00000000a3b00000, 0x00000000a3c00000|  0%| F|  |TS  0|AC  0|TAMS 0x00000000a3b00000, 0x00000000a3b00000|
|  32|0x00000000a3c00000, 0x00000000a3c00000, 0x00000000a3d00000|  0%| F|  |TS  0|AC  0|TAMS 0x00000000a3c00000, 0x00000000a3c00000|
|  33|0x00000000a3d00000, 0x00000000a3d00000, 0x00000000a3e00000|  0%| F|  |TS  0|AC  0|TAMS 0x00000000a3d00000, 0x00000000a3d00000|
|  34|0x00000000a3e00000, 0x00000000a3e00000, 0x00000000a3f00000|  0%| F|  |TS  0|AC  0|TAMS 0x00000000a3e00000, 0x00000000a3e00000|
|  35|0x00000000a3f00000, 0x00000000a3f00000, 0x00000000a4000000|  0%| F|  |TS  0|AC  0|TAMS 0x00000000a3f00000, 0x00000000a3f00000|
|  36|0x00000000a4000000, 0x00000000a4000000, 0x00000000a4100000|  0%| F|  |TS  0|AC  0|TAMS 0x00000000a4000000, 0x00000000a4000000|
|  37|0x00000000a4100000, 0x00000000a4100000, 0x00000000a4200000|  0%| F|  |TS  3|AC  0|TAMS 0x00000000a4100000, 0x00000000a4100000|
|  38|0x00000000a4200000, 0x00000000a4200000, 0x00000000a4300000|  0%| F|  |TS  3|AC  0|TAMS 0x00000000a4200000, 0x00000000a4200000|
|  39|0x00000000a4300000, 0x00000000a4300000, 0x00000000a4400000|  0%| F|  |TS  3|AC  0|TAMS 0x00000000a4300000, 0x00000000a4300000|
|  40|0x00000000a4400000, 0x00000000a4400000, 0x00000000a4500000|  0%| F|  |TS  3|AC  0|TAMS 0x00000000a4400000, 0x00000000a4400000|
|  41|0x00000000a4500000, 0x00000000a4500000, 0x00000000a4600000|  0%| F|  |TS  3|AC  0|TAMS 0x00000000a4500000, 0x00000000a4500000|
|  42|0x00000000a4600000, 0x00000000a4600000, 0x00000000a4700000|  0%| F|  |TS  2|AC  0|TAMS 0x00000000a4600000, 0x00000000a4600000|
|  43|0x00000000a4700000, 0x00000000a4700000, 0x00000000a4800000|  0%| F|  |TS  2|AC  0|TAMS 0x00000000a4700000, 0x00000000a4700000|
|  44|0x00000000a4800000, 0x00000000a4800000, 0x00000000a4900000|  0%| F|  |TS  2|AC  0|TAMS 0x00000000a4800000, 0x00000000a4800000|
|  45|0x00000000a4900000, 0x00000000a4900000, 0x00000000a4a00000|  0%| F|  |TS  2|AC  0|TAMS 0x00000000a4900000, 0x00000000a4900000|
|  46|0x00000000a4a00000, 0x00000000a4a00000, 0x00000000a4b00000|  0%| F|  |TS  2|AC  0|TAMS 0x00000000a4a00000, 0x00000000a4a00000|
|  47|0x00000000a4b00000, 0x00000000a4b00000, 0x00000000a4c00000|  0%| F|  |TS  2|AC  0|TAMS 0x00000000a4b00000, 0x00000000a4b00000|
|  48|0x00000000a4c00000, 0x00000000a4c00000, 0x00000000a4d00000|  0%| F|  |TS  2|AC  0|TAMS 0x00000000a4c00000, 0x00000000a4c00000|
|  49|0x00000000a4d00000, 0x00000000a4d00000, 0x00000000a4e00000|  0%| F|  |TS  2|AC  0|TAMS 0x00000000a4d00000, 0x00000000a4d00000|
|  50|0x00000000a4e00000, 0x00000000a4e00000, 0x00000000a4f00000|  0%| F|  |TS  2|AC  0|TAMS 0x00000000a4e00000, 0x00000000a4e00000|
|  51|0x00000000a4f00000, 0x00000000a4f00000, 0x00000000a5000000|  0%| F|  |TS  2|AC  0|TAMS 0x00000000a4f00000, 0x00000000a4f00000|
|  52|0x00000000a5000000, 0x00000000a5000000, 0x00000000a5100000|  0%| F|  |TS  2|AC  0|TAMS 0x00000000a5000000, 0x00000000a5000000|
|  53|0x00000000a5100000, 0x00000000a5100000, 0x00000000a5200000|  0%| F|  |TS  2|AC  0|TAMS 0x00000000a5100000, 0x00000000a5100000|
|  54|0x00000000a5200000, 0x00000000a5200000, 0x00000000a5300000|  0%| F|  |TS  2|AC  0|TAMS 0x00000000a5200000, 0x00000000a5200000|
|  55|0x00000000a5300000, 0x00000000a5300000, 0x00000000a5400000|  0%| F|  |TS  2|AC  0|TAMS 0x00000000a5300000, 0x00000000a5300000|
|  56|0x00000000a5400000, 0x00000000a5400000, 0x00000000a5500000|  0%| F|  |TS  2|AC  0|TAMS 0x00000000a5400000, 0x00000000a5400000|
|  57|0x00000000a5500000, 0x00000000a5500000, 0x00000000a5600000|  0%| F|  |TS  2|AC  0|TAMS 0x00000000a5500000, 0x00000000a5500000|
|  58|0x00000000a5600000, 0x00000000a5600000, 0x00000000a5700000|  0%| F|  |TS  2|AC  0|TAMS 0x00000000a5600000, 0x00000000a5600000|
|  59|0x00000000a5700000, 0x00000000a5700000, 0x00000000a5800000|  0%| F|  |TS  2|AC  0|TAMS 0x00000000a5700000, 0x00000000a5700000|
|  60|0x00000000a5800000, 0x00000000a5800000, 0x00000000a5900000|  0%| F|  |TS  2|AC  0|TAMS 0x00000000a5800000, 0x00000000a5800000|
|  61|0x00000000a5900000, 0x00000000a5900000, 0x00000000a5a00000|  0%| F|  |TS  2|AC  0|TAMS 0x00000000a5900000, 0x00000000a5900000|
|  62|0x00000000a5a00000, 0x00000000a5a00000, 0x00000000a5b00000|  0%| F|  |TS  2|AC  0|TAMS 0x00000000a5a00000, 0x00000000a5a00000|
|  63|0x00000000a5b00000, 0x00000000a5b00000, 0x00000000a5c00000|  0%| F|  |TS  2|AC  0|TAMS 0x00000000a5b00000, 0x00000000a5b00000|
|  64|0x00000000a5c00000, 0x00000000a5c00000, 0x00000000a5d00000|  0%| F|  |TS  2|AC  0|TAMS 0x00000000a5c00000, 0x00000000a5c00000|
|  65|0x00000000a5d00000, 0x00000000a5d00000, 0x00000000a5e00000|  0%| F|  |TS  2|AC  0|TAMS 0x00000000a5d00000, 0x00000000a5d00000|
|  66|0x00000000a5e00000, 0x00000000a5e00000, 0x00000000a5f00000|  0%| F|  |TS  2|AC  0|TAMS 0x00000000a5e00000, 0x00000000a5e00000|
|  67|0x00000000a5f00000, 0x00000000a5f00000, 0x00000000a6000000|  0%| F|  |TS  2|AC  0|TAMS 0x00000000a5f00000, 0x00000000a5f00000|
|  68|0x00000000a6000000, 0x00000000a6100000, 0x00000000a6100000|100%| S|CS|TS  3|AC  0|TAMS 0x00000000a6000000, 0x00000000a6000000|
|  69|0x00000000a6100000, 0x00000000a6200000, 0x00000000a6200000|100%| S|CS|TS  3|AC  0|TAMS 0x00000000a6100000, 0x00000000a6100000|
|  70|0x00000000a6200000, 0x00000000a6300000, 0x00000000a6300000|100%| S|CS|TS  3|AC  0|TAMS 0x00000000a6200000, 0x00000000a6200000|
|  71|0x00000000a6300000, 0x00000000a6400000, 0x00000000a6400000|100%| S|CS|TS  3|AC  0|TAMS 0x00000000a6300000, 0x00000000a6300000|
|  72|0x00000000a6400000, 0x00000000a6500000, 0x00000000a6500000|100%| S|CS|TS  3|AC  0|TAMS 0x00000000a6400000, 0x00000000a6400000|
|  73|0x00000000a6500000, 0x00000000a6500000, 0x00000000a6600000|  0%| F|  |TS  3|AC  0|TAMS 0x00000000a6500000, 0x00000000a6500000|
|  74|0x00000000a6600000, 0x00000000a6600000, 0x00000000a6700000|  0%| F|  |TS  3|AC  0|TAMS 0x00000000a6600000, 0x00000000a6600000|
|  75|0x00000000a6700000, 0x00000000a6700000, 0x00000000a6800000|  0%| F|  |TS  3|AC  0|TAMS 0x00000000a6700000, 0x00000000a6700000|
|  76|0x00000000a6800000, 0x00000000a6800000, 0x00000000a6900000|  0%| F|  |TS  3|AC  0|TAMS 0x00000000a6800000, 0x00000000a6800000|
|  77|0x00000000a6900000, 0x00000000a6900000, 0x00000000a6a00000|  0%| F|  |TS  3|AC  0|TAMS 0x00000000a6900000, 0x00000000a6900000|
|  78|0x00000000a6a00000, 0x00000000a6a00000, 0x00000000a6b00000|  0%| F|  |TS  3|AC  0|TAMS 0x00000000a6a00000, 0x00000000a6a00000|
|  79|0x00000000a6b00000, 0x00000000a6b00000, 0x00000000a6c00000|  0%| F|  |TS  3|AC  0|TAMS 0x00000000a6b00000, 0x00000000a6b00000|
|  80|0x00000000a6c00000, 0x00000000a6c00000, 0x00000000a6d00000|  0%| F|  |TS  3|AC  0|TAMS 0x00000000a6c00000, 0x00000000a6c00000|
|  81|0x00000000a6d00000, 0x00000000a6d00000, 0x00000000a6e00000|  0%| F|  |TS  3|AC  0|TAMS 0x00000000a6d00000, 0x00000000a6d00000|
|  82|0x00000000a6e00000, 0x00000000a6e00000, 0x00000000a6f00000|  0%| F|  |TS  3|AC  0|TAMS 0x00000000a6e00000, 0x00000000a6e00000|
|  83|0x00000000a6f00000, 0x00000000a6f00000, 0x00000000a7000000|  0%| F|  |TS  3|AC  0|TAMS 0x00000000a6f00000, 0x00000000a6f00000|
|  84|0x00000000a7000000, 0x00000000a7000000, 0x00000000a7100000|  0%| F|  |TS  3|AC  0|TAMS 0x00000000a7000000, 0x00000000a7000000|
|  85|0x00000000a7100000, 0x00000000a7100000, 0x00000000a7200000|  0%| F|  |TS  3|AC  0|TAMS 0x00000000a7100000, 0x00000000a7100000|
|  86|0x00000000a7200000, 0x00000000a7200000, 0x00000000a7300000|  0%| F|  |TS  3|AC  0|TAMS 0x00000000a7200000, 0x00000000a7200000|
|  87|0x00000000a7300000, 0x00000000a7300000, 0x00000000a7400000|  0%| F|  |TS  3|AC  0|TAMS 0x00000000a7300000, 0x00000000a7300000|
|  88|0x00000000a7400000, 0x00000000a7400000, 0x00000000a7500000|  0%| F|  |TS  3|AC  0|TAMS 0x00000000a7400000, 0x00000000a7400000|
|  89|0x00000000a7500000, 0x00000000a7500000, 0x00000000a7600000|  0%| F|  |TS  3|AC  0|TAMS 0x00000000a7500000, 0x00000000a7500000|
|  90|0x00000000a7600000, 0x00000000a7600000, 0x00000000a7700000|  0%| F|  |TS  3|AC  0|TAMS 0x00000000a7600000, 0x00000000a7600000|
|  91|0x00000000a7700000, 0x00000000a7700000, 0x00000000a7800000|  0%| F|  |TS  3|AC  0|TAMS 0x00000000a7700000, 0x00000000a7700000|
|  92|0x00000000a7800000, 0x00000000a7800000, 0x00000000a7900000|  0%| F|  |TS  3|AC  0|TAMS 0x00000000a7800000, 0x00000000a7800000|
|  93|0x00000000a7900000, 0x00000000a7900000, 0x00000000a7a00000|  0%| F|  |TS  3|AC  0|TAMS 0x00000000a7900000, 0x00000000a7900000|
|  94|0x00000000a7a00000, 0x00000000a7a00000, 0x00000000a7b00000|  0%| F|  |TS  3|AC  0|TAMS 0x00000000a7a00000, 0x00000000a7a00000|
|  95|0x00000000a7b00000, 0x00000000a7b00000, 0x00000000a7c00000|  0%| F|  |TS  3|AC  0|TAMS 0x00000000a7b00000, 0x00000000a7b00000|

Card table byte_map: [0x00000231f03b0000,0x00000231f06b0000] byte_map_base: 0x00000231efea2000

Marking Bits (Prev, Next): (CMBitMap*) 0x00000231d99806d8, (CMBitMap*) 0x00000231d99806a0
 Prev Bits: [0x00000231f2140000, 0x00000231f38d0000)
 Next Bits: [0x00000231f09b0000, 0x00000231f2140000)

Polling page: 0x00000231d7710000

CodeHeap 'non-profiled nmethods': size=120064Kb used=1327Kb max_used=1327Kb free=118736Kb
 bounds [0x00000231e8b70000, 0x00000231e8de0000, 0x00000231f00b0000]
CodeHeap 'profiled nmethods': size=120000Kb used=6712Kb max_used=6712Kb free=113287Kb
 bounds [0x00000231e1640000, 0x00000231e1cd0000, 0x00000231e8b70000]
CodeHeap 'non-nmethods': size=5696Kb used=1150Kb max_used=1187Kb free=4545Kb
 bounds [0x00000231e10b0000, 0x00000231e1320000, 0x00000231e1640000]
 total_blobs=4146 nmethods=2930 adapters=385
 compilation: enabled

Compilation events (10 events):
Event: 5.442 Thread 0x00000231f5dbb800 nmethod 3043 0x00000231e8cbbb90 code [0x00000231e8cbbd20, 0x00000231e8cbbd58]
Event: 5.442 Thread 0x00000231f5dd1000 3044   !   3       org.springframework.boot.autoconfigure.condition.ConditionEvaluationReport::get (68 bytes)
Event: 5.443 Thread 0x00000231f5dd1000 nmethod 3044 0x00000231e1cca890 code [0x00000231e1ccaac0, 0x00000231e1ccb3e0]
Event: 5.444 Thread 0x00000231f5dbb800 3045       4       org.springframework.beans.factory.support.AbstractBeanFactory::getMergedBeanDefinition (44 bytes)
Event: 5.493 Thread 0x00000231f5dd1000 3046       3       org.springframework.boot.autoconfigure.condition.ConditionOutcome::match (10 bytes)
Event: 5.493 Thread 0x00000231f5dd1000 nmethod 3046 0x00000231e1ccb710 code [0x00000231e1ccb900, 0x00000231e1ccbd30]
Event: 5.494 Thread 0x00000231f5dd1000 3048       3       org.springframework.beans.factory.support.DefaultListableBeanFactory::getBeanDefinition (78 bytes)
Event: 5.496 Thread 0x00000231f5dd1000 nmethod 3048 0x00000231e1ccbf10 code [0x00000231e1ccc200, 0x00000231e1ccd0c0]
Event: 5.511 Thread 0x00000231f5dd1000 3051   !   3       org.springframework.boot.autoconfigure.condition.SpringBootCondition::matches (118 bytes)
Event: 5.514 Thread 0x00000231f5dd1000 nmethod 3051 0x00000231e1ccd590 code [0x00000231e1ccd9a0, 0x00000231e1ccf240]

GC Heap History (10 events):
Event: 1.809 GC heap after
{Heap after GC invocations=3 (full 0):
 garbage-first heap   total 98304K, used 6697K [0x00000000a1c00000, 0x0000000100000000)
  region size 1024K, 1 young (1024K), 1 survivors (1024K)
 Metaspace       used 10469K, capacity 10655K, committed 11008K, reserved 1058816K
  class space    used 1085K, capacity 1153K, committed 1280K, reserved 1048576K
}
Event: 2.482 GC heap before
{Heap before GC invocations=3 (full 0):
 garbage-first heap   total 98304K, used 44585K [0x00000000a1c00000, 0x0000000100000000)
  region size 1024K, 38 young (38912K), 1 survivors (1024K)
 Metaspace       used 15772K, capacity 16118K, committed 16256K, reserved 1062912K
  class space    used 1736K, capacity 1881K, committed 1920K, reserved 1048576K
}
Event: 2.488 GC heap after
{Heap after GC invocations=4 (full 0):
 garbage-first heap   total 98304K, used 7825K [0x00000000a1c00000, 0x0000000100000000)
  region size 1024K, 2 young (2048K), 2 survivors (2048K)
 Metaspace       used 15772K, capacity 16118K, committed 16256K, reserved 1062912K
  class space    used 1736K, capacity 1881K, committed 1920K, reserved 1048576K
}
Event: 3.009 GC heap before
{Heap before GC invocations=4 (full 0):
 garbage-first heap   total 98304K, used 37521K [0x00000000a1c00000, 0x0000000100000000)
  region size 1024K, 32 young (32768K), 2 survivors (2048K)
 Metaspace       used 20689K, capacity 21004K, committed 21296K, reserved 1069056K
  class space    used 2423K, capacity 2580K, committed 2688K, reserved 1048576K
}
Event: 3.016 GC heap after
{Heap after GC invocations=5 (full 0):
 garbage-first heap   total 98304K, used 8955K [0x00000000a1c00000, 0x0000000100000000)
  region size 1024K, 3 young (3072K), 3 survivors (3072K)
 Metaspace       used 20689K, capacity 21004K, committed 21296K, reserved 1069056K
  class space    used 2423K, capacity 2580K, committed 2688K, reserved 1048576K
}
Event: 4.201 GC heap before
{Heap before GC invocations=6 (full 0):
 garbage-first heap   total 98304K, used 55035K [0x00000000a1c00000, 0x0000000100000000)
  region size 1024K, 48 young (49152K), 3 survivors (3072K)
 Metaspace       used 27847K, capacity 28407K, committed 28544K, reserved 1075200K
  class space    used 3247K, capacity 3450K, committed 3456K, reserved 1048576K
}
Event: 4.211 GC heap after
{Heap after GC invocations=7 (full 0):
 garbage-first heap   total 98304K, used 11232K [0x00000000a1c00000, 0x0000000100000000)
  region size 1024K, 5 young (5120K), 5 survivors (5120K)
 Metaspace       used 27847K, capacity 28407K, committed 28544K, reserved 1075200K
  class space    used 3247K, capacity 3450K, committed 3456K, reserved 1048576K
}
Event: 4.643 GC heap before
{Heap before GC invocations=7 (full 0):
 garbage-first heap   total 98304K, used 61408K [0x00000000a1c00000, 0x0000000100000000)
  region size 1024K, 54 young (55296K), 5 survivors (5120K)
 Metaspace       used 29330K, capacity 30065K, committed 30336K, reserved 1075200K
  class space    used 3434K, capacity 3700K, committed 3712K, reserved 1048576K
}
Event: 4.656 GC heap after
{Heap after GC invocations=8 (full 0):
 garbage-first heap   total 98304K, used 12573K [0x00000000a1c00000, 0x0000000100000000)
  region size 1024K, 5 young (5120K), 5 survivors (5120K)
 Metaspace       used 29330K, capacity 30065K, committed 30336K, reserved 1075200K
  class space    used 3434K, capacity 3700K, committed 3712K, reserved 1048576K
}
Event: 5.519 GC heap before
{Heap before GC invocations=8 (full 0):
 garbage-first heap   total 98304K, used 35101K [0x00000000a1c00000, 0x0000000100000000)
  region size 1024K, 28 young (28672K), 5 survivors (5120K)
 Metaspace       used 31307K, capacity 32051K, committed 32256K, reserved 1083392K
  class space    used 3691K, capacity 3975K, committed 4096K, reserved 1048576K
}

Deoptimization events (10 events):
Event: 3.694 Thread 0x00000231f79c8800 Uncommon trap: reason=bimorphic_or_optimized_type_check action=maybe_recompile pc=0x00000231e8c1bcc8 method=java.util.HashMap.putVal(ILjava/lang/Object;Ljava/lang/Object;ZZ)Ljava/lang/Object; @ 203 c2
Event: 3.697 Thread 0x00000231f79c8800 Uncommon trap: reason=bimorphic_or_optimized_type_check action=maybe_recompile pc=0x00000231e8c1bcc8 method=java.util.HashMap.putVal(ILjava/lang/Object;Ljava/lang/Object;ZZ)Ljava/lang/Object; @ 203 c2
Event: 3.757 Thread 0x00000231f79b6800 Uncommon trap: reason=bimorphic_or_optimized_type_check action=maybe_recompile pc=0x00000231e8c1bcc8 method=java.util.HashMap.putVal(ILjava/lang/Object;Ljava/lang/Object;ZZ)Ljava/lang/Object; @ 203 c2
Event: 4.088 Thread 0x00000231f79b6800 Uncommon trap: reason=unstable_if action=reinterpret pc=0x00000231e8c668b8 method=com.sun.org.apache.xerces.internal.impl.XMLEntityScanner.skipSpaces()Z @ 125 c2
Event: 4.157 Thread 0x00000231f79b6800 Uncommon trap: reason=unstable_if action=reinterpret pc=0x00000231e8c6826c method=com.sun.org.apache.xerces.internal.util.SymbolTable.addSymbol([CII)Ljava/lang/String; @ 38 c2
Event: 4.271 Thread 0x00000231f79b6800 Uncommon trap: reason=unstable_if action=reinterpret pc=0x00000231e8c41144 method=java.lang.StringLatin1.compareToCI([B[B)I @ 31 c2
Event: 4.635 Thread 0x00000231f79c8800 Uncommon trap: reason=unstable_if action=reinterpret pc=0x00000231e8c60f0c method=jdk.internal.jimage.ImageLocation.verify(Ljava/lang/String;Ljava/lang/String;[JLjdk/internal/jimage/ImageStrings;)Z @ 18 c2
Event: 4.836 Thread 0x00000231f79c8800 Uncommon trap: reason=intrinsic_or_type_checked_inlining action=make_not_entrant pc=0x00000231e8c9076c method=java.util.Arrays.copyOf([Ljava/lang/Object;ILjava/lang/Class;)[Ljava/lang/Object; @ 36 c2
Event: 5.121 Thread 0x00000231f79c8800 Uncommon trap: reason=intrinsic_or_type_checked_inlining action=make_not_entrant pc=0x00000231e8c8e62c method=java.util.ArrayList.toArray([Ljava/lang/Object;)[Ljava/lang/Object; @ 36 c2
Event: 5.265 Thread 0x00000231f79c8800 Uncommon trap: reason=unstable_if action=reinterpret pc=0x00000231e8c83f18 method=org.springframework.boot.context.properties.source.ConfigurationPropertyName$ElementsParser.isAlphaNumeric(C)Z @ 11 c2

Classes redefined (0 events):
No events

Internal exceptions (10 events):
Event: 3.437 Thread 0x00000231f79b6800 Exception <a 'java/lang/IncompatibleClassChangeError'{0x00000000a6aec5d0}: Found class java.lang.Object, but interface was expected> (0x00000000a6aec5d0) thrown at [t:/workspace/open/src/hotspot/share/interpreter/linkResolver.cpp, line 807]
Event: 3.596 Thread 0x00000231f79b6800 Exception <a 'java/lang/NoSuchMethodError'{0x00000000a65cc8c8}: java.lang.invoke.DirectMethodHandle$Holder.invokeVirtual(Ljava/lang/Object;Ljava/lang/Object;Ljava/lang/Object;Ljava/lang/Object;)Ljava/lang/Object;> (0x00000000a65cc8c8) thrown at [t:/worksp
Event: 3.683 Thread 0x00000231f79c8800 Exception <a 'java/lang/IncompatibleClassChangeError'{0x00000000a5eb03d8}: Found class java.lang.Object, but interface was expected> (0x00000000a5eb03d8) thrown at [t:/workspace/open/src/hotspot/share/interpreter/linkResolver.cpp, line 807]
Event: 4.230 Thread 0x00000231f79b6800 Exception <a 'java/lang/IncompatibleClassChangeError'{0x00000000a7b7ae38}: Found class java.lang.Object, but interface was expected> (0x00000000a7b7ae38) thrown at [t:/workspace/open/src/hotspot/share/interpreter/linkResolver.cpp, line 807]
Event: 4.332 Thread 0x00000231f79b6800 Exception <a 'java/lang/NoSuchMethodError'{0x00000000a79db038}: java.lang.invoke.DirectMethodHandle$Holder.invokeStatic(Ljava/lang/Object;Ljava/lang/Object;Ljava/lang/Object;Ljava/lang/Object;Ljava/lang/Object;Ljava/lang/Object;Ljava/lang/Object;Ljava/lan
Event: 4.355 Thread 0x00000231f79b6800 Exception <a 'java/lang/NoSuchMethodError'{0x00000000a7788618}: java.lang.invoke.DirectMethodHandle$Holder.invokeStatic(Ljava/lang/Object;Ljava/lang/Object;Ljava/lang/Object;Ljava/lang/Object;Ljava/lang/Object;Ljava/lang/Object;Ljava/lang/Object;Ljava/lan
Event: 4.358 Thread 0x00000231f79b6800 Exception <a 'java/lang/NoSuchMethodError'{0x00000000a77a9d48}: java.lang.invoke.DirectMethodHandle$Holder.invokeStatic(Ljava/lang/Object;Ljava/lang/Object;Ljava/lang/Object;Ljava/lang/Object;Ljava/lang/Object;Ljava/lang/Object;Ljava/lang/Object;Ljava/lan
Event: 4.362 Thread 0x00000231f79b6800 Exception <a 'java/lang/NoSuchMethodError'{0x00000000a77ccf50}: java.lang.invoke.DirectMethodHandle$Holder.invokeStatic(Ljava/lang/Object;Ljava/lang/Object;Ljava/lang/Object;Ljava/lang/Object;Ljava/lang/Object;Ljava/lang/Object;Ljava/lang/Object;Ljava/lan
Event: 4.783 Thread 0x00000231f79c8800 Exception <a 'java/lang/NoSuchMethodError'{0x00000000a75ea2d8}: java.lang.invoke.DirectMethodHandle$Holder.invokeInterface(Ljava/lang/Object;Ljava/lang/Object;Ljava/lang/Object;Ljava/lang/Object;)V> (0x00000000a75ea2d8) thrown at [t:/workspace/open/src/ho
Event: 4.795 Thread 0x00000231f79c8800 Exception <a 'java/lang/NoSuchMethodError'{0x00000000a745fda0}: method resolution failed> (0x00000000a745fda0) thrown at [t:/workspace/open/src/hotspot/share/prims/methodHandles.cpp, line 1226]

Events (10 events):
Event: 5.496 loading class org/springframework/boot/autoconfigure/jdbc/JdbcTemplateAutoConfiguration$JdbcTemplateConfiguration done
Event: 5.499 loading class org/springframework/boot/autoconfigure/jdbc/JdbcTemplateAutoConfiguration$NamedParameterJdbcTemplateConfiguration
Event: 5.499 loading class org/springframework/boot/autoconfigure/jdbc/JdbcTemplateAutoConfiguration$NamedParameterJdbcTemplateConfiguration done
Event: 5.507 loading class org/springframework/jdbc/core/namedparam/NamedParameterJdbcOperations
Event: 5.507 loading class org/springframework/jdbc/core/namedparam/NamedParameterJdbcOperations done
Event: 5.510 loading class org/springframework/boot/autoconfigure/jdbc/JdbcProperties
Event: 5.510 loading class org/springframework/boot/autoconfigure/jdbc/JdbcProperties done
Event: 5.517 loading class org/springframework/jdbc/core/namedparam/NamedParameterJdbcTemplate
Event: 5.517 loading class org/springframework/jdbc/core/namedparam/NamedParameterJdbcTemplate done
Event: 5.519 Executing VM operation: CollectForMetadataAllocation


Dynamic libraries:
0x00007ff7ab980000 - 0x00007ff7ab9be000 	C:\Program Files\Java\jre-10.0.2\bin\javaw.exe
0x00007ffe44550000 - 0x00007ffe44731000 	C:\WINDOWS\SYSTEM32\ntdll.dll
0x00007ffe1ee20000 - 0x00007ffe1ee34000 	C:\Program Files\AVAST Software\Avast\x64\aswhooka.dll
0x00007ffe44460000 - 0x00007ffe44512000 	C:\WINDOWS\System32\KERNEL32.DLL
0x00007ffe412c0000 - 0x00007ffe41533000 	C:\WINDOWS\System32\KERNELBASE.dll
0x00007ffe435d0000 - 0x00007ffe43671000 	C:\WINDOWS\System32\ADVAPI32.dll
0x00007ffe43f70000 - 0x00007ffe4400e000 	C:\WINDOWS\System32\msvcrt.dll
0x00007ffe41c00000 - 0x00007ffe41c5b000 	C:\WINDOWS\System32\sechost.dll
0x00007ffe43cb0000 - 0x00007ffe43dd4000 	C:\WINDOWS\System32\RPCRT4.dll
0x00007ffe43de0000 - 0x00007ffe43f70000 	C:\WINDOWS\System32\USER32.dll
0x00007ffe412a0000 - 0x00007ffe412c0000 	C:\WINDOWS\System32\win32u.dll
0x00007ffe440f0000 - 0x00007ffe44118000 	C:\WINDOWS\System32\GDI32.dll
0x00007ffe409a0000 - 0x00007ffe40b32000 	C:\WINDOWS\System32\gdi32full.dll
0x00007ffe415f0000 - 0x00007ffe4168f000 	C:\WINDOWS\System32\msvcp_win.dll
0x00007ffe416f0000 - 0x00007ffe417ea000 	C:\WINDOWS\System32\ucrtbase.dll
0x00007ffe29260000 - 0x00007ffe294c9000 	C:\WINDOWS\WinSxS\amd64_microsoft.windows.common-controls_6595b64144ccf1df_6.0.17134.407_none_fb449d63306391e9\COMCTL32.dll
0x00007ffe43680000 - 0x00007ffe439a2000 	C:\WINDOWS\System32\combase.dll
0x00007ffe40920000 - 0x00007ffe4099a000 	C:\WINDOWS\System32\bcryptPrimitives.dll
0x00007ffe32540000 - 0x00007ffe3254a000 	C:\WINDOWS\SYSTEM32\VERSION.dll
0x00007ffe419e0000 - 0x00007ffe41a0d000 	C:\WINDOWS\System32\IMM32.DLL
0x00007ffe17200000 - 0x00007ffe172ef000 	C:\Program Files\Java\jre-10.0.2\bin\msvcr120.dll
0x00007ffe19550000 - 0x00007ffe195f6000 	C:\Program Files\Java\jre-10.0.2\bin\msvcp120.dll
0x000000005c6a0000 - 0x000000005d110000 	C:\Program Files\Java\jre-10.0.2\bin\server\jvm.dll
0x00007ffe43a10000 - 0x00007ffe43a18000 	C:\WINDOWS\System32\PSAPI.DLL
0x00007ffe31a60000 - 0x00007ffe31a69000 	C:\WINDOWS\SYSTEM32\WSOCK32.dll
0x00007ffe41b90000 - 0x00007ffe41bfc000 	C:\WINDOWS\System32\WS2_32.dll
0x00007ffe3eb10000 - 0x00007ffe3eb33000 	C:\WINDOWS\SYSTEM32\WINMM.dll
0x00007ffe3eae0000 - 0x00007ffe3eb0a000 	C:\WINDOWS\SYSTEM32\WINMMBASE.dll
0x00007ffe41250000 - 0x00007ffe41299000 	C:\WINDOWS\System32\cfgmgr32.dll
0x00007ffe3b520000 - 0x00007ffe3b52f000 	C:\Program Files\Java\jre-10.0.2\bin\verify.dll
0x00007ffe3a950000 - 0x00007ffe3ab19000 	C:\WINDOWS\SYSTEM32\DBGHELP.DLL
0x00007ffe3a460000 - 0x00007ffe3a489000 	C:\WINDOWS\SYSTEM32\dbgcore.DLL
0x00007ffe34d90000 - 0x00007ffe34db7000 	C:\Program Files\Java\jre-10.0.2\bin\java.dll
0x00007ffe35f70000 - 0x00007ffe35f86000 	C:\Program Files\Java\jre-10.0.2\bin\zip.dll
0x00007ffe3b0e0000 - 0x00007ffe3b0ea000 	C:\Program Files\Java\jre-10.0.2\bin\jimage.dll
0x00007ffe41c60000 - 0x00007ffe4309f000 	C:\WINDOWS\System32\SHELL32.dll
0x00007ffe44120000 - 0x00007ffe441c9000 	C:\WINDOWS\System32\shcore.dll
0x00007ffe40b40000 - 0x00007ffe4124d000 	C:\WINDOWS\System32\windows.storage.dll
0x00007ffe43a30000 - 0x00007ffe43a81000 	C:\WINDOWS\System32\shlwapi.dll
0x00007ffe40900000 - 0x00007ffe40911000 	C:\WINDOWS\System32\kernel.appcore.dll
0x00007ffe40860000 - 0x00007ffe4087f000 	C:\WINDOWS\System32\profapi.dll
0x00007ffe408b0000 - 0x00007ffe408fc000 	C:\WINDOWS\System32\powrprof.dll
0x00007ffe40880000 - 0x00007ffe4088a000 	C:\WINDOWS\System32\FLTLIB.DLL
0x00007ffe34d70000 - 0x00007ffe34d8a000 	C:\Program Files\Java\jre-10.0.2\bin\net.dll
0x00007ffe3c990000 - 0x00007ffe3ca6c000 	C:\WINDOWS\SYSTEM32\WINHTTP.dll
0x00007ffe40080000 - 0x00007ffe400e6000 	C:\WINDOWS\system32\mswsock.dll
0x00007ffe24d90000 - 0x00007ffe24da1000 	C:\Program Files\Java\jre-10.0.2\bin\nio.dll
0x00007ffe38430000 - 0x00007ffe38439000 	C:\Program Files\Java\jre-10.0.2\bin\management.dll
0x00007ffe37680000 - 0x00007ffe3768a000 	C:\Program Files\Java\jre-10.0.2\bin\management_ext.dll
0x00007ffe22310000 - 0x00007ffe22326000 	C:\WINDOWS\system32\napinsp.dll
0x00007ffe20fb0000 - 0x00007ffe20fca000 	C:\WINDOWS\system32\pnrpnsp.dll
0x00007ffe3c640000 - 0x00007ffe3c659000 	C:\WINDOWS\system32\NLAapi.dll
0x00007ffe3fe50000 - 0x00007ffe3ff0e000 	C:\WINDOWS\SYSTEM32\DNSAPI.dll
0x00007ffe430a0000 - 0x00007ffe430a8000 	C:\WINDOWS\System32\NSI.dll
0x00007ffe3fe00000 - 0x00007ffe3fe38000 	C:\WINDOWS\SYSTEM32\IPHLPAPI.DLL
0x00007ffe3a560000 - 0x00007ffe3a56e000 	C:\WINDOWS\System32\winrnr.dll
0x00007ffe35a10000 - 0x00007ffe35a1a000 	C:\Windows\System32\rasadhlp.dll
0x00007ffe39110000 - 0x00007ffe39182000 	C:\WINDOWS\System32\fwpuclnt.dll
0x00007ffe40360000 - 0x00007ffe40385000 	C:\WINDOWS\SYSTEM32\bcrypt.dll

dbghelp: loaded successfully - version: 4.0.5 - missing functions: none
symbol engine: initialized successfully - sym options: 0x614 - pdb path: .;C:\Program Files\Java\jre-10.0.2\bin;C:\WINDOWS\SYSTEM32;C:\Program Files\AVAST Software\Avast\x64;C:\WINDOWS\WinSxS\amd64_microsoft.windows.common-controls_6595b64144ccf1df_6.0.17134.407_none_fb449d63306391e9;C:\Program Files\Java\jre-10.0.2\bin\server

VM Arguments:
jvm_args: -Dfile.encoding=UTF-8 
java_command: co.grandcircus.RideHard.RideHardApplication
java_class_path (initial): C:\Users\bhallman\eclipse-workspace\GrandCircusFinalProject\target\classes;C:\Users\bhallman\.m2\repository\org\springframework\boot\spring-boot-starter-data-jpa\2.1.0.RELEASE\spring-boot-starter-data-jpa-2.1.0.RELEASE.jar;C:\Users\bhallman\.m2\repository\org\springframework\boot\spring-boot-starter-aop\2.1.0.RELEASE\spring-boot-starter-aop-2.1.0.RELEASE.jar;C:\Users\bhallman\.m2\repository\org\springframework\spring-aop\5.1.2.RELEASE\spring-aop-5.1.2.RELEASE.jar;C:\Users\bhallman\.m2\repository\org\aspectj\aspectjweaver\1.9.2\aspectjweaver-1.9.2.jar;C:\Users\bhallman\.m2\repository\org\springframework\boot\spring-boot-starter-jdbc\2.1.0.RELEASE\spring-boot-starter-jdbc-2.1.0.RELEASE.jar;C:\Users\bhallman\.m2\repository\com\zaxxer\HikariCP\3.2.0\HikariCP-3.2.0.jar;C:\Users\bhallman\.m2\repository\org\springframework\spring-jdbc\5.1.2.RELEASE\spring-jdbc-5.1.2.RELEASE.jar;C:\Users\bhallman\.m2\repository\javax\transaction\javax.transaction-api\1.3\javax.transaction-api-1.3.jar;C:\Users\bhallman\.m2\repository\javax\xml\bind\jaxb-api\2.3.1\jaxb-api-2.3.1.jar;C:\Users\bhallman\.m2\repository\javax\activation\javax.activation-api\1.2.0\javax.activation-api-1.2.0.jar;C:\Users\bhallman\.m2\repository\org\hibernate\hibernate-core\5.3.7.Final\hibernate-core-5.3.7.Final.jar;C:\Users\bhallman\.m2\repository\org\jboss\logging\jboss-logging\3.3.2.Final\jboss-logging-3.3.2.Final.jar;C:\Users\bhallman\.m2\repository\javax\persistence\javax.persistence-api\2.2\javax.persistence-api-2.2.jar;C:\Users\bhallman\.m2\repository\org\javassist\javassist\3.23.1-GA\javassist-3.23.1-GA.jar;C:\Users\bhallman\.m2\repository\net\bytebuddy\byte-buddy\1.9.3\byte-buddy-1.9.3.jar;C:\Users\bhallman\.m2\repository\antlr\antlr\2.7.7\antlr-2.7.7.jar;C:\Users\bhallman\.m2\repository\org\jboss\jandex\2.0.5.Final\jandex-2.0.5.Final.jar;C:\Users\bhallman\.m2\repository\com\fasterxml\classmate\1.4.0\classmate-1.4.0.jar;C:\Users\bhallman\.m2\repository\org\dom4j\dom4j\2.1.1\dom4j
Launcher Type: SUN_STANDARD

Logging:
Log output configuration:
#0: stdout all=warning uptime,level,tags
#1: stderr all=off uptime,level,tags

Environment Variables:
PATH=C:\Program Files (x86)\Common Files\Oracle\Java\javapath;C:\Program Files (x86)\Intel\iCLS Client\;C:\Program Files\Intel\iCLS Client\;C:\WINDOWS\system32;C:\WINDOWS;C:\WINDOWS\System32\Wbem;C:\WINDOWS\System32\WindowsPowerShell\v1.0\;C:\Program Files (x86)\Windows Live\Shared;C:\Program Files\Intel\Intel(R) Management Engine Components\DAL;C:\Program Files\Intel\Intel(R) Management Engine Components\IPT;C:\Program Files (x86)\Intel\Intel(R) Management Engine Components\DAL;C:\Program Files (x86)\Intel\Intel(R) Management Engine Components\IPT;C:\Program Files (x86)\Intel\OpenCL SDK\2.0\bin\x86;C:\Program Files (x86)\Intel\OpenCL SDK\2.0\bin\x64;C:\Program Files (x86)\Microsoft SQL Server\110\Tools\Binn\;C:\Program Files\Microsoft SQL Server\110\Tools\Binn\;C:\Program Files\Microsoft SQL Server\110\DTS\Binn\;C:\Program Files (x86)\Microsoft SQL Server\110\Tools\Binn\ManagementStudio\;C:\Program Files (x86)\Microsoft SQL Server\110\DTS\Binn\;C:\Program Files\dotnet\;C:\Program Files\nodejs\;C:\WINDOWS\System32\OpenSSH\;C:\Program Files\Microsoft VS Code\bin;C:\Program Files\Git\cmd;C:\Users\bhallman\AppData\Local\Microsoft\WindowsApps;;C:\Program Files\Microsoft VS Code\bin;C:\Users\bhallman\AppData\Roaming\npm
USERNAME=bhallman
OS=Windows_NT
PROCESSOR_IDENTIFIER=Intel64 Family 6 Model 58 Stepping 9, GenuineIntel



---------------  S Y S T E M  ---------------

OS: Windows 10 , 64 bit Build 17134 (10.0.17134.1)

CPU:total 4 (initial active 4) (2 cores per cpu, 2 threads per core) family 6 model 58 stepping 9, cmov, cx8, fxsr, mmx, sse, sse2, sse3, ssse3, sse4.1, sse4.2, popcnt, avx, clmul, erms, ht, tsc, tscinvbit, tscinv

Memory: 4k page, physical 6172896k(2472920k free), swap 25047264k(4136k free)

vm_info: Java HotSpot(TM) 64-Bit Server VM (10.0.2+13) for windows-amd64 JRE (10.0.2+13), built on Jun 28 2018 01:57:56 by "mach5one" with MS VC++ 12.0 (VS2013)

END.
