#
# There is insufficient memory for the Java Runtime Environment to continue.
# Native memory allocation (malloc) failed to allocate 834896 bytes for Chunk::new
# Possible reasons:
#   The system is out of physical RAM or swap space
#   The process is running with CompressedOops enabled, and the Java Heap may be blocking the growth of the native heap
# Possible solutions:
#   Reduce memory load on the system
#   Increase physical memory or swap space
#   Check if swap backing store is full
#   Decrease Java heap size (-Xmx/-Xms)
#   Decrease number of Java threads
#   Decrease Java thread stack sizes (-Xss)
#   Set larger code cache with -XX:ReservedCodeCacheSize=
#   JVM is running with Unscaled Compressed Oops mode in which the Java heap is
#     placed in the first 4GB address space. The Java Heap base address is the
#     maximum limit for the native heap growth. Please use -XX:HeapBaseMinAddress
#     to set the Java Heap base and to place the Java Heap above 4GB virtual address.
# This output file may be truncated or incomplete.
#
#  Out of Memory Error (t:/workspace/open/src/hotspot/share/memory/arena.cpp:198), pid=5256, tid=16156
#
# JRE version: Java(TM) SE Runtime Environment (10.0.2+13) (build 10.0.2+13)
# Java VM: Java HotSpot(TM) 64-Bit Server VM (10.0.2+13, mixed mode, tiered, compressed oops, g1 gc, windows-amd64)
# No core dump will be written. Minidumps are not enabled by default on client versions of Windows
#

---------------  S U M M A R Y ------------

Command Line: -Dfile.encoding=UTF-8 co.grandcircus.RideHard.RideHardApplication

Host: Intel(R) Core(TM) i3-3120M CPU @ 2.50GHz, 4 cores, 5G,  Windows 10 , 64 bit Build 17134 (10.0.17134.1)
Time: Fri Nov 30 14:28:01 2018 Eastern Standard Time elapsed time: 4 seconds (0d 0h 0m 4s)

---------------  T H R E A D  ---------------

Current thread (0x000001cfef86d000):  JavaThread "C2 CompilerThread0" daemon [_thread_in_native, id=16156, stack(0x00000076f3f00000,0x00000076f4000000)]


Current CompileTask:
C2:   4514 2486   !   4       org.apache.tomcat.util.IntrospectionUtils::setProperty (884 bytes)

Stack: [0x00000076f3f00000,0x00000076f4000000]
Native frames: (J=compiled Java code, j=interpreted, Vv=VM code, C=native code)
V  [jvm.dll+0x5a01a9]
V  [jvm.dll+0x6bcf31]
V  [jvm.dll+0x6be126]
V  [jvm.dll+0x6be7b3]
V  [jvm.dll+0x234978]
V  [jvm.dll+0xbb69c]
V  [jvm.dll+0xbbbac]
V  [jvm.dll+0x34be98]
V  [jvm.dll+0x18f02c]
V  [jvm.dll+0x1fff9d]
V  [jvm.dll+0x1ff116]
V  [jvm.dll+0x17c94b]
V  [jvm.dll+0x20c8dd]
V  [jvm.dll+0x20b6a6]
V  [jvm.dll+0x68b7ff]
V  [jvm.dll+0x59f4b0]
C  [msvcr120.dll+0x24f7f]
C  [msvcr120.dll+0x25126]
C  [KERNEL32.DLL+0x13034]
C  [ntdll.dll+0x71471]


---------------  P R O C E S S  ---------------

Threads class SMR info:
_java_thread_list=0x000001cff1bd6690, length=13, elements={
0x000001cfd33d1000, 0x000001cfef857000, 0x000001cfef861000, 0x000001cfef866800,
0x000001cfef867000, 0x000001cfef86d000, 0x000001cfef8bc000, 0x000001cff01c9000,
0x000001cff01ce000, 0x000001cff0340800, 0x000001cff034a000, 0x000001cff100f800,
0x000001cff131c000
}

Java Threads: ( => current thread )
  0x000001cfd33d1000 JavaThread "main" [_thread_blocked, id=20364, stack(0x00000076f2e00000,0x00000076f2f00000)]
  0x000001cfef857000 JavaThread "Reference Handler" daemon [_thread_blocked, id=23272, stack(0x00000076f3b00000,0x00000076f3c00000)]
  0x000001cfef861000 JavaThread "Finalizer" daemon [_thread_blocked, id=6616, stack(0x00000076f3c00000,0x00000076f3d00000)]
  0x000001cfef866800 JavaThread "Signal Dispatcher" daemon [_thread_blocked, id=24376, stack(0x00000076f3d00000,0x00000076f3e00000)]
  0x000001cfef867000 JavaThread "Attach Listener" daemon [_thread_blocked, id=30252, stack(0x00000076f3e00000,0x00000076f3f00000)]
=>0x000001cfef86d000 JavaThread "C2 CompilerThread0" daemon [_thread_in_native, id=16156, stack(0x00000076f3f00000,0x00000076f4000000)]
  0x000001cfef8bc000 JavaThread "C2 CompilerThread1" daemon [_thread_blocked, id=17324, stack(0x00000076f4000000,0x00000076f4100000)]
  0x000001cff01c9000 JavaThread "C1 CompilerThread2" daemon [_thread_blocked, id=6084, stack(0x00000076f4100000,0x00000076f4200000)]
  0x000001cff01ce000 JavaThread "Sweeper thread" daemon [_thread_blocked, id=12844, stack(0x00000076f4200000,0x00000076f4300000)]
  0x000001cff0340800 JavaThread "Service Thread" daemon [_thread_blocked, id=19444, stack(0x00000076f4300000,0x00000076f4400000)]
  0x000001cff034a000 JavaThread "Common-Cleaner" daemon [_thread_blocked, id=4000, stack(0x00000076f4400000,0x00000076f4500000)]
  0x000001cff100f800 JavaThread "Thread-0" [_thread_blocked, id=18184, stack(0x00000076f4600000,0x00000076f4700000)]
  0x000001cff131c000 JavaThread "restartedMain" [_thread_blocked, id=23952, stack(0x00000076f4700000,0x00000076f4800000)]

Other Threads:
  0x000001cfef848800 VMThread "VM Thread" [stack: 0x00000076f3a00000,0x00000076f3b00000] [id=11580]
  0x000001cff034a800 WatcherThread [stack: 0x00000076f4500000,0x00000076f4600000] [id=14156]
  0x000001cfd33eb000 GCTaskThread "GC Thread#0" [stack: 0x00000076f2f00000,0x00000076f3000000] [id=11960]
  0x000001cfd33ec800 GCTaskThread "GC Thread#1" [stack: 0x00000076f3000000,0x00000076f3100000] [id=10328]
  0x000001cfd33ee000 GCTaskThread "GC Thread#2" [stack: 0x00000076f3100000,0x00000076f3200000] [id=6644]
  0x000001cfd33f0800 GCTaskThread "GC Thread#3" [stack: 0x00000076f3200000,0x00000076f3300000] [id=7148]
  0x000001cfd3441000 ConcurrentGCThread "G1 Main Marker" [stack: 0x00000076f3300000,0x00000076f3400000] [id=19408]
  0x000001cfd3445800 ConcurrentGCThread "G1 Conc#0" [stack: 0x00000076f3400000,0x00000076f3500000] [id=16004]
  0x000001cfef6d0800 ConcurrentGCThread "G1 Refine#0" [stack: 0x00000076f3500000,0x00000076f3600000] [id=26848]
  0x000001cfd3499800 ConcurrentGCThread "G1 Refine#1" [stack: 0x00000076f3600000,0x00000076f3700000] [id=17496]
  0x000001cfd349d800 ConcurrentGCThread "G1 Refine#2" [stack: 0x00000076f3700000,0x00000076f3800000] [id=1944]
  0x000001cfef6d4000 ConcurrentGCThread "G1 Refine#3" [stack: 0x00000076f3800000,0x00000076f3900000] [id=4432]
  0x000001cfef6e2800 ConcurrentGCThread "G1 Young RemSet Sampling" [stack: 0x00000076f3900000,0x00000076f3a00000] [id=19452]

Threads with active compile tasks:
C2 CompilerThread02486   !   4       org.apache.tomcat.util.IntrospectionUtils::setProperty (884 bytes)
C2 CompilerThread12428       4       com.sun.org.apache.xerces.internal.impl.XMLEntityScanner::checkBeforeLoad (140 bytes)

VM state:at safepoint (normal execution)

VM Mutex/Monitor currently owned by a thread:  ([mutex/lock_event])
[0x000001cfd33cf5b0] Threads_lock - owner thread: 0x000001cfef848800
[0x000001cfd33cfd00] Heap_lock - owner thread: 0x000001cff131c000

Heap address: 0x00000000a1c00000, size: 1508 MB, Compressed Oops mode: 32-bit
Narrow klass base: 0x0000000000000000, Narrow klass shift: 3
Compressed class space size: 1073741824 Address: 0x0000000100000000

Heap:
 garbage-first heap   total 118784K, used 13102K [0x00000000a1c00000, 0x0000000100000000)
  region size 1024K, 5 young (5120K), 5 survivors (5120K)
 Metaspace       used 29449K, capacity 30113K, committed 30464K, reserved 1075200K
  class space    used 3446K, capacity 3736K, committed 3840K, reserved 1048576K
Heap Regions: E=young(eden), S=young(survivor), O=old, HS=humongous(starts), HC=humongous(continues), CS=collection set, F=free, A=archive, TS=gc time stamp, AC=allocation context, TAMS=top-at-mark-start (previous, next)
|   0|0x00000000a1c00000, 0x00000000a1d00000, 0x00000000a1d00000|100%|HS|  |TS  0|AC  0|TAMS 0x00000000a1d00000, 0x00000000a1d00000|
|   1|0x00000000a1d00000, 0x00000000a1e00000, 0x00000000a1e00000|100%| O|  |TS  0|AC  0|TAMS 0x00000000a1e00000, 0x00000000a1e00000|
|   2|0x00000000a1e00000, 0x00000000a1f00000, 0x00000000a1f00000|100%| O|  |TS  0|AC  0|TAMS 0x00000000a1f00000, 0x00000000a1f00000|
|   3|0x00000000a1f00000, 0x00000000a2000000, 0x00000000a2000000|100%| O|  |TS  0|AC  0|TAMS 0x00000000a2000000, 0x00000000a2000000|
|   4|0x00000000a2000000, 0x00000000a2100000, 0x00000000a2100000|100%| O|  |TS  0|AC  0|TAMS 0x00000000a2100000, 0x00000000a2100000|
|   5|0x00000000a2100000, 0x00000000a2200000, 0x00000000a2200000|100%| O|  |TS  0|AC  0|TAMS 0x00000000a2200000, 0x00000000a2200000|
|   6|0x00000000a2200000, 0x00000000a2300000, 0x00000000a2300000|100%| O|  |TS  2|AC  0|TAMS 0x00000000a2212e00, 0x00000000a2212e00|
|   7|0x00000000a2300000, 0x00000000a2400000, 0x00000000a2400000|100%| O|  |TS  2|AC  0|TAMS 0x00000000a2300000, 0x00000000a2300000|
|   8|0x00000000a2400000, 0x00000000a2426600, 0x00000000a2500000| 14%| O|  |TS  2|AC  0|TAMS 0x00000000a2400000, 0x00000000a2400000|
|   9|0x00000000a2500000, 0x00000000a2500000, 0x00000000a2600000|  0%| F|  |TS  0|AC  0|TAMS 0x00000000a2500000, 0x00000000a2500000|
|  10|0x00000000a2600000, 0x00000000a2600000, 0x00000000a2700000|  0%| F|  |TS  0|AC  0|TAMS 0x00000000a2600000, 0x00000000a2600000|
|  11|0x00000000a2700000, 0x00000000a2700000, 0x00000000a2800000|  0%| F|  |TS  0|AC  0|TAMS 0x00000000a2700000, 0x00000000a2700000|
|  12|0x00000000a2800000, 0x00000000a2800000, 0x00000000a2900000|  0%| F|  |TS  0|AC  0|TAMS 0x00000000a2800000, 0x00000000a2800000|
|  13|0x00000000a2900000, 0x00000000a2900000, 0x00000000a2a00000|  0%| F|  |TS  0|AC  0|TAMS 0x00000000a2900000, 0x00000000a2900000|
|  14|0x00000000a2a00000, 0x00000000a2a00000, 0x00000000a2b00000|  0%| F|  |TS  0|AC  0|TAMS 0x00000000a2a00000, 0x00000000a2a00000|
|  15|0x00000000a2b00000, 0x00000000a2b00000, 0x00000000a2c00000|  0%| F|  |TS  0|AC  0|TAMS 0x00000000a2b00000, 0x00000000a2b00000|
|  16|0x00000000a2c00000, 0x00000000a2c00000, 0x00000000a2d00000|  0%| F|  |TS  0|AC  0|TAMS 0x00000000a2c00000, 0x00000000a2c00000|
|  17|0x00000000a2d00000, 0x00000000a2d00000, 0x00000000a2e00000|  0%| F|  |TS  0|AC  0|TAMS 0x00000000a2d00000, 0x00000000a2d00000|
|  18|0x00000000a2e00000, 0x00000000a2e00000, 0x00000000a2f00000|  0%| F|  |TS  0|AC  0|TAMS 0x00000000a2e00000, 0x00000000a2e00000|
|  19|0x00000000a2f00000, 0x00000000a2f00000, 0x00000000a3000000|  0%| F|  |TS  0|AC  0|TAMS 0x00000000a2f00000, 0x00000000a2f00000|
|  20|0x00000000a3000000, 0x00000000a3000000, 0x00000000a3100000|  0%| F|  |TS  0|AC  0|TAMS 0x00000000a3000000, 0x00000000a3000000|
|  21|0x00000000a3100000, 0x00000000a3100000, 0x00000000a3200000|  0%| F|  |TS  0|AC  0|TAMS 0x00000000a3100000, 0x00000000a3100000|
|  22|0x00000000a3200000, 0x00000000a3200000, 0x00000000a3300000|  0%| F|  |TS  0|AC  0|TAMS 0x00000000a3200000, 0x00000000a3200000|
|  23|0x00000000a3300000, 0x00000000a3300000, 0x00000000a3400000|  0%| F|  |TS  0|AC  0|TAMS 0x00000000a3300000, 0x00000000a3300000|
|  24|0x00000000a3400000, 0x00000000a3400000, 0x00000000a3500000|  0%| F|  |TS  0|AC  0|TAMS 0x00000000a3400000, 0x00000000a3400000|
|  25|0x00000000a3500000, 0x00000000a3500000, 0x00000000a3600000|  0%| F|  |TS  0|AC  0|TAMS 0x00000000a3500000, 0x00000000a3500000|
|  26|0x00000000a3600000, 0x00000000a3600000, 0x00000000a3700000|  0%| F|  |TS  0|AC  0|TAMS 0x00000000a3600000, 0x00000000a3600000|
|  27|0x00000000a3700000, 0x00000000a3700000, 0x00000000a3800000|  0%| F|  |TS  0|AC  0|TAMS 0x00000000a3700000, 0x00000000a3700000|
|  28|0x00000000a3800000, 0x00000000a3800000, 0x00000000a3900000|  0%| F|  |TS  0|AC  0|TAMS 0x00000000a3800000, 0x00000000a3800000|
|  29|0x00000000a3900000, 0x00000000a3900000, 0x00000000a3a00000|  0%| F|  |TS  0|AC  0|TAMS 0x00000000a3900000, 0x00000000a3900000|
|  30|0x00000000a3a00000, 0x00000000a3a00000, 0x00000000a3b00000|  0%| F|  |TS  0|AC  0|TAMS 0x00000000a3a00000, 0x00000000a3a00000|
|  31|0x00000000a3b00000, 0x00000000a3b00000, 0x00000000a3c00000|  0%| F|  |TS  0|AC  0|TAMS 0x00000000a3b00000, 0x00000000a3b00000|
|  32|0x00000000a3c00000, 0x00000000a3c00000, 0x00000000a3d00000|  0%| F|  |TS  0|AC  0|TAMS 0x00000000a3c00000, 0x00000000a3c00000|
|  33|0x00000000a3d00000, 0x00000000a3d00000, 0x00000000a3e00000|  0%| F|  |TS  0|AC  0|TAMS 0x00000000a3d00000, 0x00000000a3d00000|
|  34|0x00000000a3e00000, 0x00000000a3ea53f0, 0x00000000a3f00000| 64%| S|CS|TS  2|AC  0|TAMS 0x00000000a3e00000, 0x00000000a3e00000|
|  35|0x00000000a3f00000, 0x00000000a4000000, 0x00000000a4000000|100%| S|CS|TS  2|AC  0|TAMS 0x00000000a3f00000, 0x00000000a3f00000|
|  36|0x00000000a4000000, 0x00000000a4100000, 0x00000000a4100000|100%| S|CS|TS  2|AC  0|TAMS 0x00000000a4000000, 0x00000000a4000000|
|  37|0x00000000a4100000, 0x00000000a4100000, 0x00000000a4200000|  0%| F|  |TS  2|AC  0|TAMS 0x00000000a4100000, 0x00000000a4100000|
|  38|0x00000000a4200000, 0x00000000a4200000, 0x00000000a4300000|  0%| F|  |TS  2|AC  0|TAMS 0x00000000a4200000, 0x00000000a4200000|
|  39|0x00000000a4300000, 0x00000000a4300000, 0x00000000a4400000|  0%| F|  |TS  2|AC  0|TAMS 0x00000000a4300000, 0x00000000a4300000|
|  40|0x00000000a4400000, 0x00000000a4400000, 0x00000000a4500000|  0%| F|  |TS  2|AC  0|TAMS 0x00000000a4400000, 0x00000000a4400000|
|  41|0x00000000a4500000, 0x00000000a4500000, 0x00000000a4600000|  0%| F|  |TS  2|AC  0|TAMS 0x00000000a4500000, 0x00000000a4500000|
|  42|0x00000000a4600000, 0x00000000a4600000, 0x00000000a4700000|  0%| F|  |TS  2|AC  0|TAMS 0x00000000a4600000, 0x00000000a4600000|
|  43|0x00000000a4700000, 0x00000000a4800000, 0x00000000a4800000|100%| S|CS|TS  2|AC  0|TAMS 0x00000000a4700000, 0x00000000a4700000|
|  44|0x00000000a4800000, 0x00000000a4900000, 0x00000000a4900000|100%| S|CS|TS  2|AC  0|TAMS 0x00000000a4800000, 0x00000000a4800000|
|  45|0x00000000a4900000, 0x00000000a4900000, 0x00000000a4a00000|  0%| F|  |TS  2|AC  0|TAMS 0x00000000a4900000, 0x00000000a4900000|
|  46|0x00000000a4a00000, 0x00000000a4a00000, 0x00000000a4b00000|  0%| F|  |TS  2|AC  0|TAMS 0x00000000a4a00000, 0x00000000a4a00000|
|  47|0x00000000a4b00000, 0x00000000a4b00000, 0x00000000a4c00000|  0%| F|  |TS  2|AC  0|TAMS 0x00000000a4b00000, 0x00000000a4b00000|
|  48|0x00000000a4c00000, 0x00000000a4c00000, 0x00000000a4d00000|  0%| F|  |TS  2|AC  0|TAMS 0x00000000a4c00000, 0x00000000a4c00000|
|  49|0x00000000a4d00000, 0x00000000a4d00000, 0x00000000a4e00000|  0%| F|  |TS  2|AC  0|TAMS 0x00000000a4d00000, 0x00000000a4d00000|
|  50|0x00000000a4e00000, 0x00000000a4e00000, 0x00000000a4f00000|  0%| F|  |TS  2|AC  0|TAMS 0x00000000a4e00000, 0x00000000a4e00000|
|  51|0x00000000a4f00000, 0x00000000a4f00000, 0x00000000a5000000|  0%| F|  |TS  2|AC  0|TAMS 0x00000000a4f00000, 0x00000000a4f00000|
|  52|0x00000000a5000000, 0x00000000a5000000, 0x00000000a5100000|  0%| F|  |TS  2|AC  0|TAMS 0x00000000a5000000, 0x00000000a5000000|
|  53|0x00000000a5100000, 0x00000000a5100000, 0x00000000a5200000|  0%| F|  |TS  2|AC  0|TAMS 0x00000000a5100000, 0x00000000a5100000|
|  54|0x00000000a5200000, 0x00000000a5200000, 0x00000000a5300000|  0%| F|  |TS  2|AC  0|TAMS 0x00000000a5200000, 0x00000000a5200000|
|  55|0x00000000a5300000, 0x00000000a5300000, 0x00000000a5400000|  0%| F|  |TS  2|AC  0|TAMS 0x00000000a5300000, 0x00000000a5300000|
|  56|0x00000000a5400000, 0x00000000a5400000, 0x00000000a5500000|  0%| F|  |TS  2|AC  0|TAMS 0x00000000a5400000, 0x00000000a5400000|
|  57|0x00000000a5500000, 0x00000000a5500000, 0x00000000a5600000|  0%| F|  |TS  2|AC  0|TAMS 0x00000000a5500000, 0x00000000a5500000|
|  58|0x00000000a5600000, 0x00000000a5600000, 0x00000000a5700000|  0%| F|  |TS  2|AC  0|TAMS 0x00000000a5600000, 0x00000000a5600000|
|  59|0x00000000a5700000, 0x00000000a5700000, 0x00000000a5800000|  0%| F|  |TS  2|AC  0|TAMS 0x00000000a5700000, 0x00000000a5700000|
|  60|0x00000000a5800000, 0x00000000a5800000, 0x00000000a5900000|  0%| F|  |TS  2|AC  0|TAMS 0x00000000a5800000, 0x00000000a5800000|
|  61|0x00000000a5900000, 0x00000000a5900000, 0x00000000a5a00000|  0%| F|  |TS  2|AC  0|TAMS 0x00000000a5900000, 0x00000000a5900000|
|  62|0x00000000a5a00000, 0x00000000a5a00000, 0x00000000a5b00000|  0%| F|  |TS  2|AC  0|TAMS 0x00000000a5a00000, 0x00000000a5a00000|
|  63|0x00000000a5b00000, 0x00000000a5b00000, 0x00000000a5c00000|  0%| F|  |TS  2|AC  0|TAMS 0x00000000a5b00000, 0x00000000a5b00000|
|  64|0x00000000a5c00000, 0x00000000a5c00000, 0x00000000a5d00000|  0%| F|  |TS  2|AC  0|TAMS 0x00000000a5c00000, 0x00000000a5c00000|
|  65|0x00000000a5d00000, 0x00000000a5d00000, 0x00000000a5e00000|  0%| F|  |TS  2|AC  0|TAMS 0x00000000a5d00000, 0x00000000a5d00000|
|  66|0x00000000a5e00000, 0x00000000a5e00000, 0x00000000a5f00000|  0%| F|  |TS  2|AC  0|TAMS 0x00000000a5e00000, 0x00000000a5e00000|
|  67|0x00000000a5f00000, 0x00000000a5f00000, 0x00000000a6000000|  0%| F|  |TS  2|AC  0|TAMS 0x00000000a5f00000, 0x00000000a5f00000|
|  68|0x00000000a6000000, 0x00000000a6000000, 0x00000000a6100000|  0%| F|  |TS  2|AC  0|TAMS 0x00000000a6000000, 0x00000000a6000000|
|  69|0x00000000a6100000, 0x00000000a6100000, 0x00000000a6200000|  0%| F|  |TS  2|AC  0|TAMS 0x00000000a6100000, 0x00000000a6100000|
|  70|0x00000000a6200000, 0x00000000a6200000, 0x00000000a6300000|  0%| F|  |TS  2|AC  0|TAMS 0x00000000a6200000, 0x00000000a6200000|
|  71|0x00000000a6300000, 0x00000000a6300000, 0x00000000a6400000|  0%| F|  |TS  2|AC  0|TAMS 0x00000000a6300000, 0x00000000a6300000|
|  72|0x00000000a6400000, 0x00000000a6400000, 0x00000000a6500000|  0%| F|  |TS  2|AC  0|TAMS 0x00000000a6400000, 0x00000000a6400000|
|  73|0x00000000a6500000, 0x00000000a6500000, 0x00000000a6600000|  0%| F|  |TS  2|AC  0|TAMS 0x00000000a6500000, 0x00000000a6500000|
|  74|0x00000000a6600000, 0x00000000a6600000, 0x00000000a6700000|  0%| F|  |TS  2|AC  0|TAMS 0x00000000a6600000, 0x00000000a6600000|
|  75|0x00000000a6700000, 0x00000000a6700000, 0x00000000a6800000|  0%| F|  |TS  2|AC  0|TAMS 0x00000000a6700000, 0x00000000a6700000|
|  76|0x00000000a6800000, 0x00000000a6800000, 0x00000000a6900000|  0%| F|  |TS  2|AC  0|TAMS 0x00000000a6800000, 0x00000000a6800000|
|  77|0x00000000a6900000, 0x00000000a6900000, 0x00000000a6a00000|  0%| F|  |TS  2|AC  0|TAMS 0x00000000a6900000, 0x00000000a6900000|
|  78|0x00000000a6a00000, 0x00000000a6a00000, 0x00000000a6b00000|  0%| F|  |TS  2|AC  0|TAMS 0x00000000a6a00000, 0x00000000a6a00000|
|  79|0x00000000a6b00000, 0x00000000a6b00000, 0x00000000a6c00000|  0%| F|  |TS  2|AC  0|TAMS 0x00000000a6b00000, 0x00000000a6b00000|
|  80|0x00000000a6c00000, 0x00000000a6c00000, 0x00000000a6d00000|  0%| F|  |TS  2|AC  0|TAMS 0x00000000a6c00000, 0x00000000a6c00000|
|  81|0x00000000a6d00000, 0x00000000a6d00000, 0x00000000a6e00000|  0%| F|  |TS  2|AC  0|TAMS 0x00000000a6d00000, 0x00000000a6d00000|
|  82|0x00000000a6e00000, 0x00000000a6e00000, 0x00000000a6f00000|  0%| F|  |TS  2|AC  0|TAMS 0x00000000a6e00000, 0x00000000a6e00000|
|  83|0x00000000a6f00000, 0x00000000a6f00000, 0x00000000a7000000|  0%| F|  |TS  2|AC  0|TAMS 0x00000000a6f00000, 0x00000000a6f00000|
|  84|0x00000000a7000000, 0x00000000a7000000, 0x00000000a7100000|  0%| F|  |TS  2|AC  0|TAMS 0x00000000a7000000, 0x00000000a7000000|
|  85|0x00000000a7100000, 0x00000000a7100000, 0x00000000a7200000|  0%| F|  |TS  2|AC  0|TAMS 0x00000000a7100000, 0x00000000a7100000|
|  86|0x00000000a7200000, 0x00000000a7200000, 0x00000000a7300000|  0%| F|  |TS  2|AC  0|TAMS 0x00000000a7200000, 0x00000000a7200000|
|  87|0x00000000a7300000, 0x00000000a7300000, 0x00000000a7400000|  0%| F|  |TS  2|AC  0|TAMS 0x00000000a7300000, 0x00000000a7300000|
|  88|0x00000000a7400000, 0x00000000a7400000, 0x00000000a7500000|  0%| F|  |TS  2|AC  0|TAMS 0x00000000a7400000, 0x00000000a7400000|
|  89|0x00000000a7500000, 0x00000000a7500000, 0x00000000a7600000|  0%| F|  |TS  2|AC  0|TAMS 0x00000000a7500000, 0x00000000a7500000|
|  90|0x00000000a7600000, 0x00000000a7600000, 0x00000000a7700000|  0%| F|  |TS  2|AC  0|TAMS 0x00000000a7600000, 0x00000000a7600000|
|  91|0x00000000a7700000, 0x00000000a7700000, 0x00000000a7800000|  0%| F|  |TS  2|AC  0|TAMS 0x00000000a7700000, 0x00000000a7700000|
|  92|0x00000000a7800000, 0x00000000a7800000, 0x00000000a7900000|  0%| F|  |TS  2|AC  0|TAMS 0x00000000a7800000, 0x00000000a7800000|
|  93|0x00000000a7900000, 0x00000000a7900000, 0x00000000a7a00000|  0%| F|  |TS  2|AC  0|TAMS 0x00000000a7900000, 0x00000000a7900000|
|  94|0x00000000a7a00000, 0x00000000a7a00000, 0x00000000a7b00000|  0%| F|  |TS  2|AC  0|TAMS 0x00000000a7a00000, 0x00000000a7a00000|
|  95|0x00000000a7b00000, 0x00000000a7b00000, 0x00000000a7c00000|  0%| F|  |TS  2|AC  0|TAMS 0x00000000a7b00000, 0x00000000a7b00000|

Card table byte_map: [0x000001cfe9e70000,0x000001cfea170000] byte_map_base: 0x000001cfe9962000

Marking Bits (Prev, Next): (CMBitMap*) 0x000001cfd34406d8, (CMBitMap*) 0x000001cfd34406a0
 Prev Bits: [0x000001cfebc00000, 0x000001cfed390000)
 Next Bits: [0x000001cfea470000, 0x000001cfebc00000)

Polling page: 0x000001cfd13c0000

CodeHeap 'non-profiled nmethods': size=120064Kb used=1096Kb max_used=1096Kb free=118967Kb
 bounds [0x000001cfe2630000, 0x000001cfe28a0000, 0x000001cfe9b70000]
CodeHeap 'profiled nmethods': size=120000Kb used=6083Kb max_used=6083Kb free=113916Kb
 bounds [0x000001cfdb100000, 0x000001cfdb700000, 0x000001cfe2630000]
CodeHeap 'non-nmethods': size=5696Kb used=1145Kb max_used=1192Kb free=4550Kb
 bounds [0x000001cfdab70000, 0x000001cfdade0000, 0x000001cfdb100000]
 total_blobs=3728 nmethods=2645 adapters=386
 compilation: enabled

Compilation events (10 events):
Event: 4.477 Thread 0x000001cff01c9000 nmethod 2748 0x000001cfdb6e9590 code [0x000001cfdb6e9760, 0x000001cfdb6e9a20]
Event: 4.482 Thread 0x000001cff01c9000 2749       2       org.springframework.context.annotation.ConfigurationClass::hashCode (13 bytes)
Event: 4.482 Thread 0x000001cff01c9000 nmethod 2749 0x000001cfdb6e9b90 code [0x000001cfdb6e9d60, 0x000001cfdb6e9f00]
Event: 4.482 Thread 0x000001cff01c9000 2750       2       java.util.Collections$UnmodifiableCollection::iterator (9 bytes)
Event: 4.483 Thread 0x000001cff01c9000 nmethod 2750 0x000001cfdb6ea010 code [0x000001cfdb6ea1e0, 0x000001cfdb6ea490]
Event: 4.483 Thread 0x000001cff01c9000 2751       2       java.util.Collections$UnmodifiableCollection$1::<init> (26 bytes)
Event: 4.483 Thread 0x000001cff01c9000 nmethod 2751 0x000001cfdb6ea590 code [0x000001cfdb6ea760, 0x000001cfdb6ea9b0]
Event: 4.485 Thread 0x000001cff01c9000 2752   !   2       org.springframework.beans.BeanUtils::instantiateClass (84 bytes)
Event: 4.487 Thread 0x000001cff01c9000 nmethod 2752 0x000001cfdb6eaa90 code [0x000001cfdb6ead20, 0x000001cfdb6eb6c0]
Event: 4.496 Thread 0x000001cff01c9000 2753   !   2       org.springframework.core.type.classreading.SimpleMetadataReader::<init> (111 bytes)

GC Heap History (10 events):
Event: 1.712 GC heap before
{Heap before GC invocations=1 (full 0):
 garbage-first heap   total 98304K, used 17453K [0x00000000a1c00000, 0x0000000100000000)
  region size 1024K, 13 young (13312K), 2 survivors (2048K)
 Metaspace       used 10475K, capacity 10655K, committed 11008K, reserved 1058816K
  class space    used 1085K, capacity 1153K, committed 1280K, reserved 1048576K
}
Event: 1.721 GC heap after
{Heap after GC invocations=2 (full 0):
 garbage-first heap   total 98304K, used 6836K [0x00000000a1c00000, 0x0000000100000000)
  region size 1024K, 1 young (1024K), 1 survivors (1024K)
 Metaspace       used 10475K, capacity 10655K, committed 11008K, reserved 1058816K
  class space    used 1085K, capacity 1153K, committed 1280K, reserved 1048576K
}
Event: 1.741 GC heap before
{Heap before GC invocations=2 (full 0):
 garbage-first heap   total 98304K, used 34484K [0x00000000a1c00000, 0x0000000100000000)
  region size 1024K, 28 young (28672K), 1 survivors (1024K)
 Metaspace       used 10478K, capacity 10655K, committed 11008K, reserved 1058816K
  class space    used 1085K, capacity 1153K, committed 1280K, reserved 1048576K
}
Event: 1.742 GC heap after
{Heap after GC invocations=3 (full 0):
 garbage-first heap   total 98304K, used 6671K [0x00000000a1c00000, 0x0000000100000000)
  region size 1024K, 1 young (1024K), 1 survivors (1024K)
 Metaspace       used 10478K, capacity 10655K, committed 11008K, reserved 1058816K
  class space    used 1085K, capacity 1153K, committed 1280K, reserved 1048576K
}
Event: 2.613 GC heap before
{Heap before GC invocations=3 (full 0):
 garbage-first heap   total 98304K, used 49679K [0x00000000a1c00000, 0x0000000100000000)
  region size 1024K, 43 young (44032K), 1 survivors (1024K)
 Metaspace       used 18095K, capacity 18472K, committed 18688K, reserved 1064960K
  class space    used 2116K, capacity 2283K, committed 2304K, reserved 1048576K
}
Event: 2.620 GC heap after
{Heap after GC invocations=4 (full 0):
 garbage-first heap   total 98304K, used 8534K [0x00000000a1c00000, 0x0000000100000000)
  region size 1024K, 3 young (3072K), 3 survivors (3072K)
 Metaspace       used 18095K, capacity 18472K, committed 18688K, reserved 1064960K
  class space    used 2116K, capacity 2283K, committed 2304K, reserved 1048576K
}
Event: 2.923 GC heap before
{Heap before GC invocations=4 (full 0):
 garbage-first heap   total 98304K, used 21846K [0x00000000a1c00000, 0x0000000100000000)
  region size 1024K, 17 young (17408K), 3 survivors (3072K)
 Metaspace       used 20657K, capacity 21015K, committed 21296K, reserved 1069056K
  class space    used 2421K, capacity 2584K, committed 2688K, reserved 1048576K
}
Event: 2.930 GC heap after
{Heap after GC invocations=5 (full 0):
 garbage-first heap   total 98304K, used 9001K [0x00000000a1c00000, 0x0000000100000000)
  region size 1024K, 3 young (3072K), 3 survivors (3072K)
 Metaspace       used 20657K, capacity 21015K, committed 21296K, reserved 1069056K
  class space    used 2421K, capacity 2584K, committed 2688K, reserved 1048576K
}
Event: 4.118 GC heap before
{Heap before GC invocations=6 (full 0):
 garbage-first heap   total 98304K, used 60201K [0x00000000a1c00000, 0x0000000100000000)
  region size 1024K, 53 young (54272K), 3 survivors (3072K)
 Metaspace       used 27876K, capacity 28461K, committed 28672K, reserved 1075200K
  class space    used 3241K, capacity 3485K, committed 3584K, reserved 1048576K
}
Event: 4.129 GC heap after
{Heap after GC invocations=7 (full 0):
 garbage-first heap   total 98304K, used 11582K [0x00000000a1c00000, 0x0000000100000000)
  region size 1024K, 6 young (6144K), 6 survivors (6144K)
 Metaspace       used 27876K, capacity 28461K, committed 28672K, reserved 1075200K
  class space    used 3241K, capacity 3485K, committed 3584K, reserved 1048576K
}

Deoptimization events (10 events):
Event: 2.871 Thread 0x000001cff131c000 Uncommon trap: reason=bimorphic_or_optimized_type_check action=maybe_recompile pc=0x000001cfe26d85cc method=java.util.HashMap.putVal(ILjava/lang/Object;Ljava/lang/Object;ZZ)Ljava/lang/Object; @ 253 c2
Event: 2.871 Thread 0x000001cff131c000 Uncommon trap: reason=bimorphic_or_optimized_type_check action=maybe_recompile pc=0x000001cfe26d85cc method=java.util.HashMap.putVal(ILjava/lang/Object;Ljava/lang/Object;ZZ)Ljava/lang/Object; @ 253 c2
Event: 2.871 Thread 0x000001cff131c000 Uncommon trap: reason=bimorphic_or_optimized_type_check action=maybe_recompile pc=0x000001cfe26d85cc method=java.util.HashMap.putVal(ILjava/lang/Object;Ljava/lang/Object;ZZ)Ljava/lang/Object; @ 253 c2
Event: 2.871 Thread 0x000001cff131c000 Uncommon trap: reason=bimorphic_or_optimized_type_check action=maybe_recompile pc=0x000001cfe26d85cc method=java.util.HashMap.putVal(ILjava/lang/Object;Ljava/lang/Object;ZZ)Ljava/lang/Object; @ 253 c2
Event: 3.096 Thread 0x000001cff131c000 Uncommon trap: reason=unstable_if action=reinterpret pc=0x000001cfe2649bfc method=java.util.zip.ZipFile$Source.getEntryPos([BZ)I @ 157 c2
Event: 3.339 Thread 0x000001cff1568000 Uncommon trap: reason=unstable_if action=reinterpret pc=0x000001cfe26a5ea4 method=jdk.internal.org.objectweb.asm.Type.getArgumentsAndReturnSizes(Ljava/lang/String;)I @ 47 c2
Event: 3.340 Thread 0x000001cff1568000 Uncommon trap: reason=unstable_if action=reinterpret pc=0x000001cfe26e6f78 method=jdk.internal.org.objectweb.asm.Frame.push(Ljdk/internal/org/objectweb/asm/ClassWriter;Ljava/lang/String;)V @ 18 c2
Event: 3.566 Thread 0x000001cff1568000 Uncommon trap: reason=unstable_if action=reinterpret pc=0x000001cfe26b983c method=java.nio.Buffer.position(I)Ljava/nio/Buffer; @ 45 c2
Event: 4.270 Thread 0x000001cff1568000 Uncommon trap: reason=unstable_if action=reinterpret pc=0x000001cfe26fcc44 method=java.lang.StringLatin1.compareToCI([B[B)I @ 31 c2
Event: 4.441 Thread 0x000001cff131c000 Uncommon trap: reason=unstable_if action=reinterpret pc=0x000001cfe272418c method=jdk.internal.jimage.ImageLocation.verify(Ljava/lang/String;Ljava/lang/String;[JLjdk/internal/jimage/ImageStrings;)Z @ 18 c2

Classes redefined (0 events):
No events

Internal exceptions (10 events):
Event: 3.343 Thread 0x000001cff1568000 Exception <a 'java/lang/NoSuchMethodError'{0x00000000a6479b50}: java.lang.invoke.DirectMethodHandle$Holder.invokeStaticInit(Ljava/lang/Object;Ljava/lang/Object;)J> (0x00000000a6479b50) thrown at [t:/workspace/open/src/hotspot/share/interpreter/linkResolve
Event: 3.346 Thread 0x000001cff1568000 Exception <a 'java/lang/NoSuchMethodError'{0x00000000a622ff40}: java.lang.invoke.DirectMethodHandle$Holder.invokeInterface(Ljava/lang/Object;Ljava/lang/Object;)J> (0x00000000a622ff40) thrown at [t:/workspace/open/src/hotspot/share/interpreter/linkResolver
Event: 3.347 Thread 0x000001cff1568000 Exception <a 'java/lang/IncompatibleClassChangeError'{0x00000000a6232ea8}: Found class java.lang.Object, but interface was expected> (0x00000000a6232ea8) thrown at [t:/workspace/open/src/hotspot/share/interpreter/linkResolver.cpp, line 807]
Event: 3.489 Thread 0x000001cff131c000 Exception <a 'java/lang/IncompatibleClassChangeError'{0x00000000a5a01d00}: Found class java.lang.Object, but interface was expected> (0x00000000a5a01d00) thrown at [t:/workspace/open/src/hotspot/share/interpreter/linkResolver.cpp, line 807]
Event: 3.497 Thread 0x000001cff1568000 Exception <a 'java/lang/NoSuchMethodError'{0x00000000a5ba9610}: java.lang.invoke.DirectMethodHandle$Holder.invokeVirtual(Ljava/lang/Object;Ljava/lang/Object;Ljava/lang/Object;Ljava/lang/Object;)Ljava/lang/Object;> (0x00000000a5ba9610) thrown at [t:/worksp
Event: 4.200 Thread 0x000001cff1568000 Exception <a 'java/lang/IncompatibleClassChangeError'{0x00000000a5883d30}: Found class java.lang.Object, but interface was expected> (0x00000000a5883d30) thrown at [t:/workspace/open/src/hotspot/share/interpreter/linkResolver.cpp, line 807]
Event: 4.291 Thread 0x000001cff1568000 Exception <a 'java/lang/NoSuchMethodError'{0x00000000a54d9a58}: java.lang.invoke.DirectMethodHandle$Holder.invokeStatic(Ljava/lang/Object;Ljava/lang/Object;Ljava/lang/Object;Ljava/lang/Object;Ljava/lang/Object;Ljava/lang/Object;Ljava/lang/Object;Ljava/lan
Event: 4.299 Thread 0x000001cff1568000 Exception <a 'java/lang/NoSuchMethodError'{0x00000000a537dc18}: java.lang.invoke.DirectMethodHandle$Holder.invokeStatic(Ljava/lang/Object;Ljava/lang/Object;Ljava/lang/Object;Ljava/lang/Object;Ljava/lang/Object;Ljava/lang/Object;Ljava/lang/Object;Ljava/lan
Event: 4.307 Thread 0x000001cff1568000 Exception <a 'java/lang/NoSuchMethodError'{0x00000000a539f348}: java.lang.invoke.DirectMethodHandle$Holder.invokeStatic(Ljava/lang/Object;Ljava/lang/Object;Ljava/lang/Object;Ljava/lang/Object;Ljava/lang/Object;Ljava/lang/Object;Ljava/lang/Object;Ljava/lan
Event: 4.334 Thread 0x000001cff1568000 Exception <a 'java/lang/NoSuchMethodError'{0x00000000a53c2550}: java.lang.invoke.DirectMethodHandle$Holder.invokeStatic(Ljava/lang/Object;Ljava/lang/Object;Ljava/lang/Object;Ljava/lang/Object;Ljava/lang/Object;Ljava/lang/Object;Ljava/lang/Object;Ljava/lan

Events (10 events):
Event: 4.472 loading class org/springframework/transaction/annotation/TransactionManagementConfigurationSelector$1
Event: 4.472 loading class org/springframework/transaction/annotation/TransactionManagementConfigurationSelector$1 done
Event: 4.473 loading class org/springframework/context/annotation/AutoProxyRegistrar
Event: 4.473 loading class org/springframework/context/annotation/AutoProxyRegistrar done
Event: 4.473 loading class org/springframework/transaction/annotation/ProxyTransactionManagementConfiguration
Event: 4.473 loading class org/springframework/transaction/annotation/ProxyTransactionManagementConfiguration done
Event: 4.474 loading class org/springframework/transaction/annotation/AbstractTransactionManagementConfiguration
Event: 4.474 loading class org/springframework/transaction/annotation/AbstractTransactionManagementConfiguration done
Event: 4.474 loading class org/springframework/context/annotation/ImportAware
Event: 4.474 loading class org/springframework/context/annotation/ImportAware done


Dynamic libraries:
0x00007ff7ab980000 - 0x00007ff7ab9be000 	C:\Program Files\Java\jre-10.0.2\bin\javaw.exe
0x00007ffe44550000 - 0x00007ffe44731000 	C:\WINDOWS\SYSTEM32\ntdll.dll
0x00007ffe1ee20000 - 0x00007ffe1ee34000 	C:\Program Files\AVAST Software\Avast\x64\aswhooka.dll
0x00007ffe44460000 - 0x00007ffe44512000 	C:\WINDOWS\System32\KERNEL32.DLL
0x00007ffe412c0000 - 0x00007ffe41533000 	C:\WINDOWS\System32\KERNELBASE.dll
0x00007ffe435d0000 - 0x00007ffe43671000 	C:\WINDOWS\System32\ADVAPI32.dll
0x00007ffe43f70000 - 0x00007ffe4400e000 	C:\WINDOWS\System32\msvcrt.dll
0x00007ffe41c00000 - 0x00007ffe41c5b000 	C:\WINDOWS\System32\sechost.dll
0x00007ffe43cb0000 - 0x00007ffe43dd4000 	C:\WINDOWS\System32\RPCRT4.dll
0x00007ffe43de0000 - 0x00007ffe43f70000 	C:\WINDOWS\System32\USER32.dll
0x00007ffe412a0000 - 0x00007ffe412c0000 	C:\WINDOWS\System32\win32u.dll
0x00007ffe440f0000 - 0x00007ffe44118000 	C:\WINDOWS\System32\GDI32.dll
0x00007ffe409a0000 - 0x00007ffe40b32000 	C:\WINDOWS\System32\gdi32full.dll
0x00007ffe415f0000 - 0x00007ffe4168f000 	C:\WINDOWS\System32\msvcp_win.dll
0x00007ffe416f0000 - 0x00007ffe417ea000 	C:\WINDOWS\System32\ucrtbase.dll
0x00007ffe29260000 - 0x00007ffe294c9000 	C:\WINDOWS\WinSxS\amd64_microsoft.windows.common-controls_6595b64144ccf1df_6.0.17134.407_none_fb449d63306391e9\COMCTL32.dll
0x00007ffe43680000 - 0x00007ffe439a2000 	C:\WINDOWS\System32\combase.dll
0x00007ffe40920000 - 0x00007ffe4099a000 	C:\WINDOWS\System32\bcryptPrimitives.dll
0x00007ffe32540000 - 0x00007ffe3254a000 	C:\WINDOWS\SYSTEM32\VERSION.dll
0x00007ffe419e0000 - 0x00007ffe41a0d000 	C:\WINDOWS\System32\IMM32.DLL
0x00007ffe17c00000 - 0x00007ffe17cef000 	C:\Program Files\Java\jre-10.0.2\bin\msvcr120.dll
0x00007ffe19550000 - 0x00007ffe195f6000 	C:\Program Files\Java\jre-10.0.2\bin\msvcp120.dll
0x000000005c6a0000 - 0x000000005d110000 	C:\Program Files\Java\jre-10.0.2\bin\server\jvm.dll
0x00007ffe43a10000 - 0x00007ffe43a18000 	C:\WINDOWS\System32\PSAPI.DLL
0x00007ffe31a60000 - 0x00007ffe31a69000 	C:\WINDOWS\SYSTEM32\WSOCK32.dll
0x00007ffe41b90000 - 0x00007ffe41bfc000 	C:\WINDOWS\System32\WS2_32.dll
0x00007ffe3eb10000 - 0x00007ffe3eb33000 	C:\WINDOWS\SYSTEM32\WINMM.dll
0x00007ffe3eae0000 - 0x00007ffe3eb0a000 	C:\WINDOWS\SYSTEM32\WINMMBASE.dll
0x00007ffe41250000 - 0x00007ffe41299000 	C:\WINDOWS\System32\cfgmgr32.dll
0x00007ffe3ebc0000 - 0x00007ffe3ebcf000 	C:\Program Files\Java\jre-10.0.2\bin\verify.dll
0x00007ffe3a950000 - 0x00007ffe3ab19000 	C:\WINDOWS\SYSTEM32\DBGHELP.DLL
0x00007ffe3a460000 - 0x00007ffe3a489000 	C:\WINDOWS\SYSTEM32\dbgcore.DLL
0x00007ffe365f0000 - 0x00007ffe36617000 	C:\Program Files\Java\jre-10.0.2\bin\java.dll
0x00007ffe3d340000 - 0x00007ffe3d356000 	C:\Program Files\Java\jre-10.0.2\bin\zip.dll
0x00007ffe3abb0000 - 0x00007ffe3abba000 	C:\Program Files\Java\jre-10.0.2\bin\jimage.dll
0x00007ffe41c60000 - 0x00007ffe4309f000 	C:\WINDOWS\System32\SHELL32.dll
0x00007ffe44120000 - 0x00007ffe441c9000 	C:\WINDOWS\System32\shcore.dll
0x00007ffe40b40000 - 0x00007ffe4124d000 	C:\WINDOWS\System32\windows.storage.dll
0x00007ffe43a30000 - 0x00007ffe43a81000 	C:\WINDOWS\System32\shlwapi.dll
0x00007ffe40900000 - 0x00007ffe40911000 	C:\WINDOWS\System32\kernel.appcore.dll
0x00007ffe40860000 - 0x00007ffe4087f000 	C:\WINDOWS\System32\profapi.dll
0x00007ffe408b0000 - 0x00007ffe408fc000 	C:\WINDOWS\System32\powrprof.dll
0x00007ffe40880000 - 0x00007ffe4088a000 	C:\WINDOWS\System32\FLTLIB.DLL
0x00007ffe36310000 - 0x00007ffe3632a000 	C:\Program Files\Java\jre-10.0.2\bin\net.dll
0x00007ffe3c990000 - 0x00007ffe3ca6c000 	C:\WINDOWS\SYSTEM32\WINHTTP.dll
0x00007ffe40080000 - 0x00007ffe400e6000 	C:\WINDOWS\system32\mswsock.dll
0x00007ffe35f70000 - 0x00007ffe35f81000 	C:\Program Files\Java\jre-10.0.2\bin\nio.dll
0x00007ffe37680000 - 0x00007ffe37689000 	C:\Program Files\Java\jre-10.0.2\bin\management.dll
0x00007ffe36d40000 - 0x00007ffe36d4a000 	C:\Program Files\Java\jre-10.0.2\bin\management_ext.dll
0x00007ffe24d90000 - 0x00007ffe24da6000 	C:\WINDOWS\system32\napinsp.dll
0x00007ffe24180000 - 0x00007ffe2419a000 	C:\WINDOWS\system32\pnrpnsp.dll
0x00007ffe3c640000 - 0x00007ffe3c659000 	C:\WINDOWS\system32\NLAapi.dll
0x00007ffe3fe50000 - 0x00007ffe3ff0e000 	C:\WINDOWS\SYSTEM32\DNSAPI.dll
0x00007ffe430a0000 - 0x00007ffe430a8000 	C:\WINDOWS\System32\NSI.dll
0x00007ffe3fe00000 - 0x00007ffe3fe38000 	C:\WINDOWS\SYSTEM32\IPHLPAPI.DLL
0x00007ffe3aba0000 - 0x00007ffe3abae000 	C:\WINDOWS\System32\winrnr.dll
0x00007ffe35a10000 - 0x00007ffe35a1a000 	C:\Windows\System32\rasadhlp.dll
0x00007ffe39110000 - 0x00007ffe39182000 	C:\WINDOWS\System32\fwpuclnt.dll
0x00007ffe40360000 - 0x00007ffe40385000 	C:\WINDOWS\SYSTEM32\bcrypt.dll

dbghelp: loaded successfully - version: 4.0.5 - missing functions: none
symbol engine: initialized successfully - sym options: 0x614 - pdb path: .;C:\Program Files\Java\jre-10.0.2\bin;C:\WINDOWS\SYSTEM32;C:\Program Files\AVAST Software\Avast\x64;C:\WINDOWS\WinSxS\amd64_microsoft.windows.common-controls_6595b64144ccf1df_6.0.17134.407_none_fb449d63306391e9;C:\Program Files\Java\jre-10.0.2\bin\server

VM Arguments:
jvm_args: -Dfile.encoding=UTF-8 
java_command: co.grandcircus.RideHard.RideHardApplication
java_class_path (initial): C:\Users\bhallman\eclipse-workspace\GrandCircusFinalProject\target\classes;C:\Users\bhallman\.m2\repository\org\springframework\boot\spring-boot-starter-data-jpa\2.1.0.RELEASE\spring-boot-starter-data-jpa-2.1.0.RELEASE.jar;C:\Users\bhallman\.m2\repository\org\springframework\boot\spring-boot-starter-aop\2.1.0.RELEASE\spring-boot-starter-aop-2.1.0.RELEASE.jar;C:\Users\bhallman\.m2\repository\org\springframework\spring-aop\5.1.2.RELEASE\spring-aop-5.1.2.RELEASE.jar;C:\Users\bhallman\.m2\repository\org\aspectj\aspectjweaver\1.9.2\aspectjweaver-1.9.2.jar;C:\Users\bhallman\.m2\repository\org\springframework\boot\spring-boot-starter-jdbc\2.1.0.RELEASE\spring-boot-starter-jdbc-2.1.0.RELEASE.jar;C:\Users\bhallman\.m2\repository\com\zaxxer\HikariCP\3.2.0\HikariCP-3.2.0.jar;C:\Users\bhallman\.m2\repository\org\springframework\spring-jdbc\5.1.2.RELEASE\spring-jdbc-5.1.2.RELEASE.jar;C:\Users\bhallman\.m2\repository\javax\transaction\javax.transaction-api\1.3\javax.transaction-api-1.3.jar;C:\Users\bhallman\.m2\repository\javax\xml\bind\jaxb-api\2.3.1\jaxb-api-2.3.1.jar;C:\Users\bhallman\.m2\repository\javax\activation\javax.activation-api\1.2.0\javax.activation-api-1.2.0.jar;C:\Users\bhallman\.m2\repository\org\hibernate\hibernate-core\5.3.7.Final\hibernate-core-5.3.7.Final.jar;C:\Users\bhallman\.m2\repository\org\jboss\logging\jboss-logging\3.3.2.Final\jboss-logging-3.3.2.Final.jar;C:\Users\bhallman\.m2\repository\javax\persistence\javax.persistence-api\2.2\javax.persistence-api-2.2.jar;C:\Users\bhallman\.m2\repository\org\javassist\javassist\3.23.1-GA\javassist-3.23.1-GA.jar;C:\Users\bhallman\.m2\repository\net\bytebuddy\byte-buddy\1.9.3\byte-buddy-1.9.3.jar;C:\Users\bhallman\.m2\repository\antlr\antlr\2.7.7\antlr-2.7.7.jar;C:\Users\bhallman\.m2\repository\org\jboss\jandex\2.0.5.Final\jandex-2.0.5.Final.jar;C:\Users\bhallman\.m2\repository\com\fasterxml\classmate\1.4.0\classmate-1.4.0.jar;C:\Users\bhallman\.m2\repository\org\dom4j\dom4j\2.1.1\dom4j
Launcher Type: SUN_STANDARD

Logging:
Log output configuration:
#0: stdout all=warning uptime,level,tags
#1: stderr all=off uptime,level,tags

Environment Variables:
PATH=C:\Program Files (x86)\Common Files\Oracle\Java\javapath;C:\Program Files (x86)\Intel\iCLS Client\;C:\Program Files\Intel\iCLS Client\;C:\WINDOWS\system32;C:\WINDOWS;C:\WINDOWS\System32\Wbem;C:\WINDOWS\System32\WindowsPowerShell\v1.0\;C:\Program Files (x86)\Windows Live\Shared;C:\Program Files\Intel\Intel(R) Management Engine Components\DAL;C:\Program Files\Intel\Intel(R) Management Engine Components\IPT;C:\Program Files (x86)\Intel\Intel(R) Management Engine Components\DAL;C:\Program Files (x86)\Intel\Intel(R) Management Engine Components\IPT;C:\Program Files (x86)\Intel\OpenCL SDK\2.0\bin\x86;C:\Program Files (x86)\Intel\OpenCL SDK\2.0\bin\x64;C:\Program Files (x86)\Microsoft SQL Server\110\Tools\Binn\;C:\Program Files\Microsoft SQL Server\110\Tools\Binn\;C:\Program Files\Microsoft SQL Server\110\DTS\Binn\;C:\Program Files (x86)\Microsoft SQL Server\110\Tools\Binn\ManagementStudio\;C:\Program Files (x86)\Microsoft SQL Server\110\DTS\Binn\;C:\Program Files\dotnet\;C:\Program Files\nodejs\;C:\WINDOWS\System32\OpenSSH\;C:\Program Files\Microsoft VS Code\bin;C:\Program Files\Git\cmd;C:\Users\bhallman\AppData\Local\Microsoft\WindowsApps;;C:\Program Files\Microsoft VS Code\bin;C:\Users\bhallman\AppData\Roaming\npm
USERNAME=bhallman
OS=Windows_NT
PROCESSOR_IDENTIFIER=Intel64 Family 6 Model 58 Stepping 9, GenuineIntel



---------------  S Y S T E M  ---------------

OS: Windows 10 , 64 bit Build 17134 (10.0.17134.1)

CPU:total 4 (initial active 4) (2 cores per cpu, 2 threads per core) family 6 model 58 stepping 9, cmov, cx8, fxsr, mmx, sse, sse2, sse3, ssse3, sse4.1, sse4.2, popcnt, avx, clmul, erms, ht, tsc, tscinvbit, tscinv

Memory: 4k page, physical 6172896k(2336100k free), swap 25047264k(12216k free)

vm_info: Java HotSpot(TM) 64-Bit Server VM (10.0.2+13) for windows-amd64 JRE (10.0.2+13), built on Jun 28 2018 01:57:56 by "mach5one" with MS VC++ 12.0 (VS2013)

END.
